[2024-09-14T19:37:59.661+0000] {taskinstance.py:1087} INFO - Dependencies all met for <TaskInstance: save_city_info_weather_v01.fetcher_data manual__2024-09-14T19:37:56.868145+00:00 [queued]>
[2024-09-14T19:37:59.666+0000] {taskinstance.py:1087} INFO - Dependencies all met for <TaskInstance: save_city_info_weather_v01.fetcher_data manual__2024-09-14T19:37:56.868145+00:00 [queued]>
[2024-09-14T19:37:59.666+0000] {taskinstance.py:1283} INFO - 
--------------------------------------------------------------------------------
[2024-09-14T19:37:59.666+0000] {taskinstance.py:1284} INFO - Starting attempt 1 of 6
[2024-09-14T19:37:59.667+0000] {taskinstance.py:1285} INFO - 
--------------------------------------------------------------------------------
[2024-09-14T19:37:59.673+0000] {taskinstance.py:1304} INFO - Executing <Task(PythonOperator): fetcher_data> on 2024-09-14 19:37:56.868145+00:00
[2024-09-14T19:37:59.676+0000] {standard_task_runner.py:55} INFO - Started process 10360 to run task
[2024-09-14T19:37:59.684+0000] {standard_task_runner.py:82} INFO - Running: ['***', 'tasks', 'run', 'save_city_info_weather_v01', 'fetcher_data', 'manual__2024-09-14T19:37:56.868145+00:00', '--job-id', '119', '--raw', '--subdir', 'DAGS_FOLDER/saver_info.py', '--cfg-path', '/tmp/tmpqn6mfpte']
[2024-09-14T19:37:59.685+0000] {standard_task_runner.py:83} INFO - Job 119: Subtask fetcher_data
[2024-09-14T19:37:59.731+0000] {task_command.py:389} INFO - Running <TaskInstance: save_city_info_weather_v01.fetcher_data manual__2024-09-14T19:37:56.868145+00:00 [running]> on host 0c5fe11d0c9c
[2024-09-14T19:37:59.767+0000] {taskinstance.py:1513} INFO - Exporting the following env vars:
AIRFLOW_CTX_DAG_OWNER=me
AIRFLOW_CTX_DAG_ID=save_city_info_weather_v01
AIRFLOW_CTX_TASK_ID=fetcher_data
AIRFLOW_CTX_EXECUTION_DATE=2024-09-14T19:37:56.868145+00:00
AIRFLOW_CTX_TRY_NUMBER=1
AIRFLOW_CTX_DAG_RUN_ID=manual__2024-09-14T19:37:56.868145+00:00
[2024-09-14T19:38:00.039+0000] {python.py:177} INFO - Done. Returned value was: {'max_temp': 19.29, 'min_temp': 18.38, 'description': 'пасмурно', 'wind_speed': 4.35, 'name': 'Москва'}
[2024-09-14T19:38:00.064+0000] {taskinstance.py:1327} INFO - Marking task as SUCCESS. dag_id=save_city_info_weather_v01, task_id=fetcher_data, execution_date=20240914T193756, start_date=20240914T193759, end_date=20240914T193800
[2024-09-14T19:38:00.110+0000] {local_task_job.py:159} INFO - Task exited with return code 0
[2024-09-14T19:38:00.129+0000] {taskinstance.py:2582} INFO - 1 downstream tasks scheduled from follow-on schedule check
