[2024-09-14T19:00:42.422+0000] {taskinstance.py:1087} INFO - Dependencies all met for <TaskInstance: save_city_info_weather_v01.fetcher_data manual__2024-09-14T18:27:08.114068+00:00 [queued]>
[2024-09-14T19:00:42.458+0000] {taskinstance.py:1087} INFO - Dependencies all met for <TaskInstance: save_city_info_weather_v01.fetcher_data manual__2024-09-14T18:27:08.114068+00:00 [queued]>
[2024-09-14T19:00:42.459+0000] {taskinstance.py:1283} INFO - 
--------------------------------------------------------------------------------
[2024-09-14T19:00:42.459+0000] {taskinstance.py:1284} INFO - Starting attempt 1 of 6
[2024-09-14T19:00:42.460+0000] {taskinstance.py:1285} INFO - 
--------------------------------------------------------------------------------
[2024-09-14T19:00:42.494+0000] {taskinstance.py:1304} INFO - Executing <Task(PythonOperator): fetcher_data> on 2024-09-14 18:27:08.114068+00:00
[2024-09-14T19:00:42.499+0000] {standard_task_runner.py:55} INFO - Started process 7220 to run task
[2024-09-14T19:00:42.517+0000] {standard_task_runner.py:82} INFO - Running: ['***', 'tasks', 'run', 'save_city_info_weather_v01', 'fetcher_data', 'manual__2024-09-14T18:27:08.114068+00:00', '--job-id', '76', '--raw', '--subdir', 'DAGS_FOLDER/saver_info.py', '--cfg-path', '/tmp/tmpl3yqbgpv']
[2024-09-14T19:00:42.518+0000] {standard_task_runner.py:83} INFO - Job 76: Subtask fetcher_data
[2024-09-14T19:00:42.711+0000] {task_command.py:389} INFO - Running <TaskInstance: save_city_info_weather_v01.fetcher_data manual__2024-09-14T18:27:08.114068+00:00 [running]> on host 0c5fe11d0c9c
[2024-09-14T19:00:42.984+0000] {taskinstance.py:1513} INFO - Exporting the following env vars:
AIRFLOW_CTX_DAG_OWNER=me
AIRFLOW_CTX_DAG_ID=save_city_info_weather_v01
AIRFLOW_CTX_TASK_ID=fetcher_data
AIRFLOW_CTX_EXECUTION_DATE=2024-09-14T18:27:08.114068+00:00
AIRFLOW_CTX_TRY_NUMBER=1
AIRFLOW_CTX_DAG_RUN_ID=manual__2024-09-14T18:27:08.114068+00:00
[2024-09-14T19:00:43.432+0000] {python.py:177} INFO - Done. Returned value was: {'max_temp': 20.77, 'min_temp': 18.94, 'description': 'пасмурно', 'wind_speed': 4.52, 'name': 'Москва'}
[2024-09-14T19:00:43.479+0000] {taskinstance.py:1327} INFO - Marking task as SUCCESS. dag_id=save_city_info_weather_v01, task_id=fetcher_data, execution_date=20240914T182708, start_date=20240914T190042, end_date=20240914T190043
[2024-09-14T19:00:43.527+0000] {local_task_job.py:159} INFO - Task exited with return code 0
[2024-09-14T19:00:43.556+0000] {taskinstance.py:2582} INFO - 0 downstream tasks scheduled from follow-on schedule check
