[2024-09-14T16:36:51.583+0000] {taskinstance.py:1087} INFO - Dependencies all met for <TaskInstance: my_first_dag.transform manual__2024-09-14T16:36:49.229670+00:00 [queued]>
[2024-09-14T16:36:51.588+0000] {taskinstance.py:1087} INFO - Dependencies all met for <TaskInstance: my_first_dag.transform manual__2024-09-14T16:36:49.229670+00:00 [queued]>
[2024-09-14T16:36:51.588+0000] {taskinstance.py:1283} INFO - 
--------------------------------------------------------------------------------
[2024-09-14T16:36:51.588+0000] {taskinstance.py:1284} INFO - Starting attempt 1 of 1
[2024-09-14T16:36:51.588+0000] {taskinstance.py:1285} INFO - 
--------------------------------------------------------------------------------
[2024-09-14T16:36:51.596+0000] {taskinstance.py:1304} INFO - Executing <Task(_PythonDecoratedOperator): transform> on 2024-09-14 16:36:49.229670+00:00
[2024-09-14T16:36:51.598+0000] {standard_task_runner.py:55} INFO - Started process 3400 to run task
[2024-09-14T16:36:51.601+0000] {standard_task_runner.py:82} INFO - Running: ['***', 'tasks', 'run', 'my_first_dag', 'transform', 'manual__2024-09-14T16:36:49.229670+00:00', '--job-id', '30', '--raw', '--subdir', 'DAGS_FOLDER/first_dag.py', '--cfg-path', '/tmp/tmphh2dakdv']
[2024-09-14T16:36:51.601+0000] {standard_task_runner.py:83} INFO - Job 30: Subtask transform
[2024-09-14T16:36:51.635+0000] {task_command.py:389} INFO - Running <TaskInstance: my_first_dag.transform manual__2024-09-14T16:36:49.229670+00:00 [running]> on host 769272fb41c3
[2024-09-14T16:36:51.676+0000] {taskinstance.py:1513} INFO - Exporting the following env vars:
AIRFLOW_CTX_DAG_OWNER=***
AIRFLOW_CTX_DAG_ID=my_first_dag
AIRFLOW_CTX_TASK_ID=transform
AIRFLOW_CTX_EXECUTION_DATE=2024-09-14T16:36:49.229670+00:00
AIRFLOW_CTX_TRY_NUMBER=1
AIRFLOW_CTX_DAG_RUN_ID=manual__2024-09-14T16:36:49.229670+00:00
[2024-09-14T16:36:51.677+0000] {python.py:177} INFO - Done. Returned value was: {'total_order_value': 1236.7}
[2024-09-14T16:36:51.693+0000] {taskinstance.py:1327} INFO - Marking task as SUCCESS. dag_id=my_first_dag, task_id=transform, execution_date=20240914T163649, start_date=20240914T163651, end_date=20240914T163651
[2024-09-14T16:36:51.738+0000] {local_task_job.py:159} INFO - Task exited with return code 0
[2024-09-14T16:36:51.757+0000] {taskinstance.py:2582} INFO - 1 downstream tasks scheduled from follow-on schedule check
