[2024-09-14T18:27:46.877+0000] {taskinstance.py:1087} INFO - Dependencies all met for <TaskInstance: save_city_info_weather_v01.insert_data manual__2024-09-14T18:27:44.490678+00:00 [queued]>
[2024-09-14T18:27:46.883+0000] {taskinstance.py:1087} INFO - Dependencies all met for <TaskInstance: save_city_info_weather_v01.insert_data manual__2024-09-14T18:27:44.490678+00:00 [queued]>
[2024-09-14T18:27:46.884+0000] {taskinstance.py:1283} INFO - 
--------------------------------------------------------------------------------
[2024-09-14T18:27:46.884+0000] {taskinstance.py:1284} INFO - Starting attempt 1 of 6
[2024-09-14T18:27:46.884+0000] {taskinstance.py:1285} INFO - 
--------------------------------------------------------------------------------
[2024-09-14T18:27:46.892+0000] {taskinstance.py:1304} INFO - Executing <Task(PostgresOperator): insert_data> on 2024-09-14 18:27:44.490678+00:00
[2024-09-14T18:27:46.896+0000] {standard_task_runner.py:55} INFO - Started process 4443 to run task
[2024-09-14T18:27:46.901+0000] {standard_task_runner.py:82} INFO - Running: ['***', 'tasks', 'run', 'save_city_info_weather_v01', 'insert_data', 'manual__2024-09-14T18:27:44.490678+00:00', '--job-id', '69', '--raw', '--subdir', 'DAGS_FOLDER/saver_info.py', '--cfg-path', '/tmp/tmp86lbpf0m']
[2024-09-14T18:27:46.902+0000] {standard_task_runner.py:83} INFO - Job 69: Subtask insert_data
[2024-09-14T18:27:46.952+0000] {task_command.py:389} INFO - Running <TaskInstance: save_city_info_weather_v01.insert_data manual__2024-09-14T18:27:44.490678+00:00 [running]> on host 0c5fe11d0c9c
[2024-09-14T18:27:47.011+0000] {taskinstance.py:1513} INFO - Exporting the following env vars:
AIRFLOW_CTX_DAG_OWNER=me
AIRFLOW_CTX_DAG_ID=save_city_info_weather_v01
AIRFLOW_CTX_TASK_ID=insert_data
AIRFLOW_CTX_EXECUTION_DATE=2024-09-14T18:27:44.490678+00:00
AIRFLOW_CTX_TRY_NUMBER=1
AIRFLOW_CTX_DAG_RUN_ID=manual__2024-09-14T18:27:44.490678+00:00
[2024-09-14T18:27:47.013+0000] {sql.py:253} INFO - Executing: 
            insert into weathers (id, city_name, max_temp, min_temp, wind, description) values (0,'MSK', '10', '6', '2', 'Kakto')
        
[2024-09-14T18:27:47.020+0000] {base.py:73} INFO - Using connection ID 'postgres_localhost' for task execution.
[2024-09-14T18:27:47.142+0000] {base.py:73} INFO - Using connection ID 'postgres_localhost' for task execution.
[2024-09-14T18:27:47.151+0000] {sql.py:364} INFO - Running statement: 
            insert into weathers (id, city_name, max_temp, min_temp, wind, description) values (0,'MSK', '10', '6', '2', 'Kakto')
        , parameters: None
[2024-09-14T18:27:47.154+0000] {sql.py:373} INFO - Rows affected: 1
[2024-09-14T18:27:47.161+0000] {taskinstance.py:1327} INFO - Marking task as SUCCESS. dag_id=save_city_info_weather_v01, task_id=insert_data, execution_date=20240914T182744, start_date=20240914T182746, end_date=20240914T182747
[2024-09-14T18:27:47.205+0000] {local_task_job.py:159} INFO - Task exited with return code 0
[2024-09-14T18:27:47.228+0000] {taskinstance.py:2582} INFO - 0 downstream tasks scheduled from follow-on schedule check
