[2024-09-14T19:36:45.850+0000] {taskinstance.py:1087} INFO - Dependencies all met for <TaskInstance: save_city_info_weather_v01.insert_data manual__2024-09-14T19:36:39.953325+00:00 [queued]>
[2024-09-14T19:36:45.857+0000] {taskinstance.py:1087} INFO - Dependencies all met for <TaskInstance: save_city_info_weather_v01.insert_data manual__2024-09-14T19:36:39.953325+00:00 [queued]>
[2024-09-14T19:36:45.857+0000] {taskinstance.py:1283} INFO - 
--------------------------------------------------------------------------------
[2024-09-14T19:36:45.857+0000] {taskinstance.py:1284} INFO - Starting attempt 1 of 6
[2024-09-14T19:36:45.857+0000] {taskinstance.py:1285} INFO - 
--------------------------------------------------------------------------------
[2024-09-14T19:36:45.865+0000] {taskinstance.py:1304} INFO - Executing <Task(PostgresOperator): insert_data> on 2024-09-14 19:36:39.953325+00:00
[2024-09-14T19:36:45.868+0000] {standard_task_runner.py:55} INFO - Started process 10247 to run task
[2024-09-14T19:36:45.870+0000] {standard_task_runner.py:82} INFO - Running: ['***', 'tasks', 'run', 'save_city_info_weather_v01', 'insert_data', 'manual__2024-09-14T19:36:39.953325+00:00', '--job-id', '114', '--raw', '--subdir', 'DAGS_FOLDER/saver_info.py', '--cfg-path', '/tmp/tmp09k4xce4']
[2024-09-14T19:36:45.871+0000] {standard_task_runner.py:83} INFO - Job 114: Subtask insert_data
[2024-09-14T19:36:45.910+0000] {task_command.py:389} INFO - Running <TaskInstance: save_city_info_weather_v01.insert_data manual__2024-09-14T19:36:39.953325+00:00 [running]> on host 0c5fe11d0c9c
[2024-09-14T19:36:45.950+0000] {taskinstance.py:1513} INFO - Exporting the following env vars:
AIRFLOW_CTX_DAG_OWNER=me
AIRFLOW_CTX_DAG_ID=save_city_info_weather_v01
AIRFLOW_CTX_TASK_ID=insert_data
AIRFLOW_CTX_EXECUTION_DATE=2024-09-14T19:36:39.953325+00:00
AIRFLOW_CTX_TRY_NUMBER=1
AIRFLOW_CTX_DAG_RUN_ID=manual__2024-09-14T19:36:39.953325+00:00
[2024-09-14T19:36:45.950+0000] {sql.py:253} INFO - Executing: 
            insert into weathers (id, city_name, max_temp, min_temp, wind, description) values (1, 'name', '10', '6', '2', 'Kakto')
        
[2024-09-14T19:36:45.955+0000] {base.py:73} INFO - Using connection ID 'postgres_localhost' for task execution.
[2024-09-14T19:36:46.065+0000] {base.py:73} INFO - Using connection ID 'postgres_localhost' for task execution.
[2024-09-14T19:36:46.072+0000] {sql.py:364} INFO - Running statement: 
            insert into weathers (id, city_name, max_temp, min_temp, wind, description) values (1, 'name', '10', '6', '2', 'Kakto')
        , parameters: None
[2024-09-14T19:36:46.074+0000] {sql.py:373} INFO - Rows affected: 1
[2024-09-14T19:36:46.080+0000] {taskinstance.py:1327} INFO - Marking task as SUCCESS. dag_id=save_city_info_weather_v01, task_id=insert_data, execution_date=20240914T193639, start_date=20240914T193645, end_date=20240914T193646
[2024-09-14T19:36:46.095+0000] {local_task_job.py:159} INFO - Task exited with return code 0
[2024-09-14T19:36:46.106+0000] {taskinstance.py:2582} INFO - 0 downstream tasks scheduled from follow-on schedule check
