[2024-09-14T18:08:17.750+0000] {taskinstance.py:1087} INFO - Dependencies all met for <TaskInstance: save_city_info_weather.save_city_info_weather manual__2024-09-14T18:08:16.417669+00:00 [queued]>
[2024-09-14T18:08:17.760+0000] {taskinstance.py:1087} INFO - Dependencies all met for <TaskInstance: save_city_info_weather.save_city_info_weather manual__2024-09-14T18:08:16.417669+00:00 [queued]>
[2024-09-14T18:08:17.761+0000] {taskinstance.py:1283} INFO - 
--------------------------------------------------------------------------------
[2024-09-14T18:08:17.761+0000] {taskinstance.py:1284} INFO - Starting attempt 1 of 6
[2024-09-14T18:08:17.761+0000] {taskinstance.py:1285} INFO - 
--------------------------------------------------------------------------------
[2024-09-14T18:08:17.769+0000] {taskinstance.py:1304} INFO - Executing <Task(PostgresOperator): save_city_info_weather> on 2024-09-14 18:08:16.417669+00:00
[2024-09-14T18:08:17.772+0000] {standard_task_runner.py:55} INFO - Started process 2816 to run task
[2024-09-14T18:08:17.774+0000] {standard_task_runner.py:82} INFO - Running: ['***', 'tasks', 'run', 'save_city_info_weather', 'save_city_info_weather', 'manual__2024-09-14T18:08:16.417669+00:00', '--job-id', '58', '--raw', '--subdir', 'DAGS_FOLDER/saver_info.py', '--cfg-path', '/tmp/tmponow3f58']
[2024-09-14T18:08:17.775+0000] {standard_task_runner.py:83} INFO - Job 58: Subtask save_city_info_weather
[2024-09-14T18:08:17.813+0000] {task_command.py:389} INFO - Running <TaskInstance: save_city_info_weather.save_city_info_weather manual__2024-09-14T18:08:16.417669+00:00 [running]> on host 0c5fe11d0c9c
[2024-09-14T18:08:17.924+0000] {taskinstance.py:1513} INFO - Exporting the following env vars:
AIRFLOW_CTX_DAG_OWNER=me
AIRFLOW_CTX_DAG_ID=save_city_info_weather
AIRFLOW_CTX_TASK_ID=save_city_info_weather
AIRFLOW_CTX_EXECUTION_DATE=2024-09-14T18:08:16.417669+00:00
AIRFLOW_CTX_TRY_NUMBER=1
AIRFLOW_CTX_DAG_RUN_ID=manual__2024-09-14T18:08:16.417669+00:00
[2024-09-14T18:08:17.925+0000] {sql.py:253} INFO - Executing: 
            create table if not exists weathers (
                id INTEGER PRIMARY KEY,
                max_temp VARCHAR(50),
                min_temp VARCHAR(50),
                wind VARCHAR(50),
                description VARCHAR(50)
            )
        
[2024-09-14T18:08:17.935+0000] {base.py:73} INFO - Using connection ID 'postgres_localhost' for task execution.
[2024-09-14T18:08:18.065+0000] {base.py:73} INFO - Using connection ID 'postgres_localhost' for task execution.
[2024-09-14T18:08:18.073+0000] {sql.py:364} INFO - Running statement: 
            create table if not exists weathers (
                id INTEGER PRIMARY KEY,
                max_temp VARCHAR(50),
                min_temp VARCHAR(50),
                wind VARCHAR(50),
                description VARCHAR(50)
            )
        , parameters: None
[2024-09-14T18:08:18.103+0000] {taskinstance.py:1327} INFO - Marking task as SUCCESS. dag_id=save_city_info_weather, task_id=save_city_info_weather, execution_date=20240914T180816, start_date=20240914T180817, end_date=20240914T180818
[2024-09-14T18:08:18.124+0000] {local_task_job.py:159} INFO - Task exited with return code 0
[2024-09-14T18:08:18.135+0000] {taskinstance.py:2582} INFO - 0 downstream tasks scheduled from follow-on schedule check
