[2024-09-14T18:26:31.534+0000] {taskinstance.py:1087} INFO - Dependencies all met for <TaskInstance: save_city_info_weather_v01.save_city_info_weather manual__2024-09-14T18:26:30.228947+00:00 [queued]>
[2024-09-14T18:26:31.540+0000] {taskinstance.py:1087} INFO - Dependencies all met for <TaskInstance: save_city_info_weather_v01.save_city_info_weather manual__2024-09-14T18:26:30.228947+00:00 [queued]>
[2024-09-14T18:26:31.540+0000] {taskinstance.py:1283} INFO - 
--------------------------------------------------------------------------------
[2024-09-14T18:26:31.540+0000] {taskinstance.py:1284} INFO - Starting attempt 1 of 6
[2024-09-14T18:26:31.541+0000] {taskinstance.py:1285} INFO - 
--------------------------------------------------------------------------------
[2024-09-14T18:26:31.549+0000] {taskinstance.py:1304} INFO - Executing <Task(PostgresOperator): save_city_info_weather> on 2024-09-14 18:26:30.228947+00:00
[2024-09-14T18:26:31.553+0000] {standard_task_runner.py:55} INFO - Started process 4322 to run task
[2024-09-14T18:26:31.559+0000] {standard_task_runner.py:82} INFO - Running: ['***', 'tasks', 'run', 'save_city_info_weather_v01', 'save_city_info_weather', 'manual__2024-09-14T18:26:30.228947+00:00', '--job-id', '64', '--raw', '--subdir', 'DAGS_FOLDER/saver_info.py', '--cfg-path', '/tmp/tmp3gd0u_ts']
[2024-09-14T18:26:31.560+0000] {standard_task_runner.py:83} INFO - Job 64: Subtask save_city_info_weather
[2024-09-14T18:26:31.602+0000] {task_command.py:389} INFO - Running <TaskInstance: save_city_info_weather_v01.save_city_info_weather manual__2024-09-14T18:26:30.228947+00:00 [running]> on host 0c5fe11d0c9c
[2024-09-14T18:26:31.638+0000] {taskinstance.py:1513} INFO - Exporting the following env vars:
AIRFLOW_CTX_DAG_OWNER=me
AIRFLOW_CTX_DAG_ID=save_city_info_weather_v01
AIRFLOW_CTX_TASK_ID=save_city_info_weather
AIRFLOW_CTX_EXECUTION_DATE=2024-09-14T18:26:30.228947+00:00
AIRFLOW_CTX_TRY_NUMBER=1
AIRFLOW_CTX_DAG_RUN_ID=manual__2024-09-14T18:26:30.228947+00:00
[2024-09-14T18:26:31.639+0000] {sql.py:253} INFO - Executing: 
            create table if not exists weathers (
                id INTEGER PRIMARY KEY,
                city_name VARCHAR(50),
                max_temp VARCHAR(7),
                min_temp VARCHAR(7),
                wind VARCHAR(50),
                description VARCHAR(15)
            )
        
[2024-09-14T18:26:31.643+0000] {base.py:73} INFO - Using connection ID 'postgres_localhost' for task execution.
[2024-09-14T18:26:31.750+0000] {base.py:73} INFO - Using connection ID 'postgres_localhost' for task execution.
[2024-09-14T18:26:31.759+0000] {sql.py:364} INFO - Running statement: 
            create table if not exists weathers (
                id INTEGER PRIMARY KEY,
                city_name VARCHAR(50),
                max_temp VARCHAR(7),
                min_temp VARCHAR(7),
                wind VARCHAR(50),
                description VARCHAR(15)
            )
        , parameters: None
[2024-09-14T18:26:31.768+0000] {taskinstance.py:1327} INFO - Marking task as SUCCESS. dag_id=save_city_info_weather_v01, task_id=save_city_info_weather, execution_date=20240914T182630, start_date=20240914T182631, end_date=20240914T182631
[2024-09-14T18:26:31.782+0000] {local_task_job.py:159} INFO - Task exited with return code 0
[2024-09-14T18:26:31.797+0000] {taskinstance.py:2582} INFO - 1 downstream tasks scheduled from follow-on schedule check
