[2024-09-14T16:50:09.520+0000] {taskinstance.py:1087} INFO - Dependencies all met for <TaskInstance: my_first_dag.transform manual__2024-09-14T16:50:07.047490+00:00 [queued]>
[2024-09-14T16:50:09.528+0000] {taskinstance.py:1087} INFO - Dependencies all met for <TaskInstance: my_first_dag.transform manual__2024-09-14T16:50:07.047490+00:00 [queued]>
[2024-09-14T16:50:09.528+0000] {taskinstance.py:1283} INFO - 
--------------------------------------------------------------------------------
[2024-09-14T16:50:09.528+0000] {taskinstance.py:1284} INFO - Starting attempt 1 of 1
[2024-09-14T16:50:09.528+0000] {taskinstance.py:1285} INFO - 
--------------------------------------------------------------------------------
[2024-09-14T16:50:09.540+0000] {taskinstance.py:1304} INFO - Executing <Task(_PythonDecoratedOperator): transform> on 2024-09-14 16:50:07.047490+00:00
[2024-09-14T16:50:09.544+0000] {standard_task_runner.py:55} INFO - Started process 4560 to run task
[2024-09-14T16:50:09.549+0000] {standard_task_runner.py:82} INFO - Running: ['***', 'tasks', 'run', 'my_first_dag', 'transform', 'manual__2024-09-14T16:50:07.047490+00:00', '--job-id', '46', '--raw', '--subdir', 'DAGS_FOLDER/first_dag.py', '--cfg-path', '/tmp/tmpxdr9_dvy']
[2024-09-14T16:50:09.551+0000] {standard_task_runner.py:83} INFO - Job 46: Subtask transform
[2024-09-14T16:50:09.606+0000] {task_command.py:389} INFO - Running <TaskInstance: my_first_dag.transform manual__2024-09-14T16:50:07.047490+00:00 [running]> on host 769272fb41c3
[2024-09-14T16:50:09.653+0000] {taskinstance.py:1513} INFO - Exporting the following env vars:
AIRFLOW_CTX_DAG_OWNER=***
AIRFLOW_CTX_DAG_ID=my_first_dag
AIRFLOW_CTX_TASK_ID=transform
AIRFLOW_CTX_EXECUTION_DATE=2024-09-14T16:50:07.047490+00:00
AIRFLOW_CTX_TRY_NUMBER=1
AIRFLOW_CTX_DAG_RUN_ID=manual__2024-09-14T16:50:07.047490+00:00
[2024-09-14T16:50:09.654+0000] {python.py:177} INFO - Done. Returned value was: {'0': 'https://cdn2.thecatapi.com/images/9vp.jpg', '1': 'https://cdn2.thecatapi.com/images/a6l.jpg', '2': 'https://cdn2.thecatapi.com/images/an1.jpg', '3': 'https://cdn2.thecatapi.com/images/bme.jpg', '4': 'https://cdn2.thecatapi.com/images/c3l.jpg', '5': 'https://cdn2.thecatapi.com/images/db8.gif', '6': 'https://cdn2.thecatapi.com/images/dt7.png', '7': 'https://cdn2.thecatapi.com/images/MTYxMTE2Mg.jpg', '8': 'https://cdn2.thecatapi.com/images/TzyZJUeIM.jpg', '9': 'https://cdn2.thecatapi.com/images/EZRMwvax_.jpg'}
[2024-09-14T16:50:09.709+0000] {taskinstance.py:1327} INFO - Marking task as SUCCESS. dag_id=my_first_dag, task_id=transform, execution_date=20240914T165007, start_date=20240914T165009, end_date=20240914T165009
[2024-09-14T16:50:09.732+0000] {local_task_job.py:159} INFO - Task exited with return code 0
[2024-09-14T16:50:09.744+0000] {taskinstance.py:2582} INFO - 1 downstream tasks scheduled from follow-on schedule check
