[2024-09-14T16:26:27.475+0000] {taskinstance.py:1087} INFO - Dependencies all met for <TaskInstance: my_first_dag.extract manual__2024-09-14T16:26:26.101365+00:00 [queued]>
[2024-09-14T16:26:27.480+0000] {taskinstance.py:1087} INFO - Dependencies all met for <TaskInstance: my_first_dag.extract manual__2024-09-14T16:26:26.101365+00:00 [queued]>
[2024-09-14T16:26:27.480+0000] {taskinstance.py:1283} INFO - 
--------------------------------------------------------------------------------
[2024-09-14T16:26:27.480+0000] {taskinstance.py:1284} INFO - Starting attempt 1 of 1
[2024-09-14T16:26:27.480+0000] {taskinstance.py:1285} INFO - 
--------------------------------------------------------------------------------
[2024-09-14T16:26:27.487+0000] {taskinstance.py:1304} INFO - Executing <Task(_PythonDecoratedOperator): extract> on 2024-09-14 16:26:26.101365+00:00
[2024-09-14T16:26:27.490+0000] {standard_task_runner.py:55} INFO - Started process 2493 to run task
[2024-09-14T16:26:27.492+0000] {standard_task_runner.py:82} INFO - Running: ['***', 'tasks', 'run', 'my_first_dag', 'extract', 'manual__2024-09-14T16:26:26.101365+00:00', '--job-id', '20', '--raw', '--subdir', 'DAGS_FOLDER/first_dag.py', '--cfg-path', '/tmp/tmpd3uhjxto']
[2024-09-14T16:26:27.492+0000] {standard_task_runner.py:83} INFO - Job 20: Subtask extract
[2024-09-14T16:26:27.524+0000] {task_command.py:389} INFO - Running <TaskInstance: my_first_dag.extract manual__2024-09-14T16:26:26.101365+00:00 [running]> on host 769272fb41c3
[2024-09-14T16:26:27.559+0000] {taskinstance.py:1513} INFO - Exporting the following env vars:
AIRFLOW_CTX_DAG_OWNER=***
AIRFLOW_CTX_DAG_ID=my_first_dag
AIRFLOW_CTX_TASK_ID=extract
AIRFLOW_CTX_EXECUTION_DATE=2024-09-14T16:26:26.101365+00:00
AIRFLOW_CTX_TRY_NUMBER=1
AIRFLOW_CTX_DAG_RUN_ID=manual__2024-09-14T16:26:26.101365+00:00
[2024-09-14T16:26:27.933+0000] {python.py:177} INFO - Done. Returned value was: [{'id': 'da5', 'url': 'https://cdn2.thecatapi.com/images/da5.jpg', 'width': 640, 'height': 427}]
[2024-09-14T16:26:27.968+0000] {taskinstance.py:1327} INFO - Marking task as SUCCESS. dag_id=my_first_dag, task_id=extract, execution_date=20240914T162626, start_date=20240914T162627, end_date=20240914T162627
[2024-09-14T16:26:28.018+0000] {local_task_job.py:159} INFO - Task exited with return code 0
[2024-09-14T16:26:28.048+0000] {taskinstance.py:2582} INFO - 1 downstream tasks scheduled from follow-on schedule check
