[2024-09-15T06:50:47.528+0000] {taskinstance.py:1087} INFO - Dependencies all met for <TaskInstance: save_city_info_weather_v01.save_city_info_weather manual__2024-09-15T06:50:46.140172+00:00 [queued]>
[2024-09-15T06:50:47.534+0000] {taskinstance.py:1087} INFO - Dependencies all met for <TaskInstance: save_city_info_weather_v01.save_city_info_weather manual__2024-09-15T06:50:46.140172+00:00 [queued]>
[2024-09-15T06:50:47.535+0000] {taskinstance.py:1283} INFO - 
--------------------------------------------------------------------------------
[2024-09-15T06:50:47.535+0000] {taskinstance.py:1284} INFO - Starting attempt 1 of 6
[2024-09-15T06:50:47.535+0000] {taskinstance.py:1285} INFO - 
--------------------------------------------------------------------------------
[2024-09-15T06:50:47.542+0000] {taskinstance.py:1304} INFO - Executing <Task(PostgresOperator): save_city_info_weather> on 2024-09-15 06:50:46.140172+00:00
[2024-09-15T06:50:47.544+0000] {standard_task_runner.py:55} INFO - Started process 423 to run task
[2024-09-15T06:50:47.547+0000] {standard_task_runner.py:82} INFO - Running: ['***', 'tasks', 'run', 'save_city_info_weather_v01', 'save_city_info_weather', 'manual__2024-09-15T06:50:46.140172+00:00', '--job-id', '309', '--raw', '--subdir', 'DAGS_FOLDER/saver_info.py', '--cfg-path', '/tmp/tmp4vt2dr99']
[2024-09-15T06:50:47.548+0000] {standard_task_runner.py:83} INFO - Job 309: Subtask save_city_info_weather
[2024-09-15T06:50:47.597+0000] {task_command.py:389} INFO - Running <TaskInstance: save_city_info_weather_v01.save_city_info_weather manual__2024-09-15T06:50:46.140172+00:00 [running]> on host 0c5fe11d0c9c
[2024-09-15T06:50:47.633+0000] {taskinstance.py:1513} INFO - Exporting the following env vars:
AIRFLOW_CTX_DAG_OWNER=me
AIRFLOW_CTX_DAG_ID=save_city_info_weather_v01
AIRFLOW_CTX_TASK_ID=save_city_info_weather
AIRFLOW_CTX_EXECUTION_DATE=2024-09-15T06:50:46.140172+00:00
AIRFLOW_CTX_TRY_NUMBER=1
AIRFLOW_CTX_DAG_RUN_ID=manual__2024-09-15T06:50:46.140172+00:00
[2024-09-15T06:50:47.634+0000] {sql.py:253} INFO - Executing: 
            create table if not exists weathers (
                id serial PRIMARY KEY ,
                city_name VARCHAR,
                max_temp VARCHAR,
                min_temp VARCHAR,
                wind VARCHAR,
                descript VARCHAR
            )
        
[2024-09-15T06:50:47.638+0000] {base.py:73} INFO - Using connection ID 'postgres_localhost' for task execution.
[2024-09-15T06:50:47.739+0000] {base.py:73} INFO - Using connection ID 'postgres_localhost' for task execution.
[2024-09-15T06:50:47.752+0000] {sql.py:364} INFO - Running statement: 
            create table if not exists weathers (
                id serial PRIMARY KEY ,
                city_name VARCHAR,
                max_temp VARCHAR,
                min_temp VARCHAR,
                wind VARCHAR,
                descript VARCHAR
            )
        , parameters: None
[2024-09-15T06:50:47.764+0000] {taskinstance.py:1327} INFO - Marking task as SUCCESS. dag_id=save_city_info_weather_v01, task_id=save_city_info_weather, execution_date=20240915T065046, start_date=20240915T065047, end_date=20240915T065047
[2024-09-15T06:50:47.815+0000] {local_task_job.py:159} INFO - Task exited with return code 0
[2024-09-15T06:50:47.833+0000] {taskinstance.py:2582} INFO - 1 downstream tasks scheduled from follow-on schedule check
