[2024-09-14T15:59:31.537+0000] {taskinstance.py:1087} INFO - Dependencies all met for <TaskInstance: tutorial_taskflow_api_etl.transform manual__2024-09-14T15:59:29.573614+00:00 [queued]>
[2024-09-14T15:59:31.543+0000] {taskinstance.py:1087} INFO - Dependencies all met for <TaskInstance: tutorial_taskflow_api_etl.transform manual__2024-09-14T15:59:29.573614+00:00 [queued]>
[2024-09-14T15:59:31.543+0000] {taskinstance.py:1283} INFO - 
--------------------------------------------------------------------------------
[2024-09-14T15:59:31.543+0000] {taskinstance.py:1284} INFO - Starting attempt 1 of 1
[2024-09-14T15:59:31.543+0000] {taskinstance.py:1285} INFO - 
--------------------------------------------------------------------------------
[2024-09-14T15:59:31.551+0000] {taskinstance.py:1304} INFO - Executing <Task(_PythonDecoratedOperator): transform> on 2024-09-14 15:59:29.573614+00:00
[2024-09-14T15:59:31.553+0000] {standard_task_runner.py:55} INFO - Started process 201 to run task
[2024-09-14T15:59:31.555+0000] {standard_task_runner.py:82} INFO - Running: ['***', 'tasks', 'run', 'tutorial_taskflow_api_etl', 'transform', 'manual__2024-09-14T15:59:29.573614+00:00', '--job-id', '8', '--raw', '--subdir', 'DAGS_FOLDER/first_dag.py', '--cfg-path', '/tmp/tmpcqsvhpe3']
[2024-09-14T15:59:31.556+0000] {standard_task_runner.py:83} INFO - Job 8: Subtask transform
[2024-09-14T15:59:31.588+0000] {task_command.py:389} INFO - Running <TaskInstance: tutorial_taskflow_api_etl.transform manual__2024-09-14T15:59:29.573614+00:00 [running]> on host 769272fb41c3
[2024-09-14T15:59:31.628+0000] {taskinstance.py:1513} INFO - Exporting the following env vars:
AIRFLOW_CTX_DAG_OWNER=***
AIRFLOW_CTX_DAG_ID=tutorial_taskflow_api_etl
AIRFLOW_CTX_TASK_ID=transform
AIRFLOW_CTX_EXECUTION_DATE=2024-09-14T15:59:29.573614+00:00
AIRFLOW_CTX_TRY_NUMBER=1
AIRFLOW_CTX_DAG_RUN_ID=manual__2024-09-14T15:59:29.573614+00:00
[2024-09-14T15:59:31.629+0000] {python.py:177} INFO - Done. Returned value was: {'total_order_value': 1236.7}
[2024-09-14T15:59:31.646+0000] {taskinstance.py:1327} INFO - Marking task as SUCCESS. dag_id=tutorial_taskflow_api_etl, task_id=transform, execution_date=20240914T155929, start_date=20240914T155931, end_date=20240914T155931
[2024-09-14T15:59:31.655+0000] {local_task_job.py:159} INFO - Task exited with return code 0
[2024-09-14T15:59:31.668+0000] {taskinstance.py:2582} INFO - 1 downstream tasks scheduled from follow-on schedule check
