[2024-09-14T19:00:42.296+0000] {taskinstance.py:1087} INFO - Dependencies all met for <TaskInstance: save_city_info_weather_v01.insert_data manual__2024-09-14T18:25:42.023124+00:00 [queued]>
[2024-09-14T19:00:42.352+0000] {taskinstance.py:1087} INFO - Dependencies all met for <TaskInstance: save_city_info_weather_v01.insert_data manual__2024-09-14T18:25:42.023124+00:00 [queued]>
[2024-09-14T19:00:42.352+0000] {taskinstance.py:1283} INFO - 
--------------------------------------------------------------------------------
[2024-09-14T19:00:42.352+0000] {taskinstance.py:1284} INFO - Starting attempt 3 of 6
[2024-09-14T19:00:42.353+0000] {taskinstance.py:1285} INFO - 
--------------------------------------------------------------------------------
[2024-09-14T19:00:42.405+0000] {taskinstance.py:1304} INFO - Executing <Task(PostgresOperator): insert_data> on 2024-09-14 18:25:42.023124+00:00
[2024-09-14T19:00:42.412+0000] {standard_task_runner.py:55} INFO - Started process 7219 to run task
[2024-09-14T19:00:42.424+0000] {standard_task_runner.py:82} INFO - Running: ['***', 'tasks', 'run', 'save_city_info_weather_v01', 'insert_data', 'manual__2024-09-14T18:25:42.023124+00:00', '--job-id', '75', '--raw', '--subdir', 'DAGS_FOLDER/saver_info.py', '--cfg-path', '/tmp/tmpimaa_8sl']
[2024-09-14T19:00:42.425+0000] {standard_task_runner.py:83} INFO - Job 75: Subtask insert_data
[2024-09-14T19:00:42.616+0000] {task_command.py:389} INFO - Running <TaskInstance: save_city_info_weather_v01.insert_data manual__2024-09-14T18:25:42.023124+00:00 [running]> on host 0c5fe11d0c9c
[2024-09-14T19:00:42.916+0000] {taskinstance.py:1513} INFO - Exporting the following env vars:
AIRFLOW_CTX_DAG_OWNER=me
AIRFLOW_CTX_DAG_ID=save_city_info_weather_v01
AIRFLOW_CTX_TASK_ID=insert_data
AIRFLOW_CTX_EXECUTION_DATE=2024-09-14T18:25:42.023124+00:00
AIRFLOW_CTX_TRY_NUMBER=3
AIRFLOW_CTX_DAG_RUN_ID=manual__2024-09-14T18:25:42.023124+00:00
[2024-09-14T19:00:42.920+0000] {sql.py:253} INFO - Executing: 
            insert into weathers (id, city_name, max_temp, min_temp, wind, description) values (0,'MSK', '10', '6', '2', 'Kakto')
        
[2024-09-14T19:00:42.930+0000] {base.py:73} INFO - Using connection ID 'postgres_localhost' for task execution.
[2024-09-14T19:00:43.521+0000] {base.py:73} INFO - Using connection ID 'postgres_localhost' for task execution.
[2024-09-14T19:00:43.538+0000] {sql.py:364} INFO - Running statement: 
            insert into weathers (id, city_name, max_temp, min_temp, wind, description) values (0,'MSK', '10', '6', '2', 'Kakto')
        , parameters: None
[2024-09-14T19:00:43.552+0000] {taskinstance.py:1772} ERROR - Task failed with exception
Traceback (most recent call last):
  File "/home/airflow/.local/lib/python3.7/site-packages/airflow/providers/common/sql/operators/sql.py", line 261, in execute
    return_last=self.return_last,
  File "/home/airflow/.local/lib/python3.7/site-packages/airflow/providers/common/sql/hooks/sql.py", line 338, in run
    self._run_command(cur, sql_statement, parameters)
  File "/home/airflow/.local/lib/python3.7/site-packages/airflow/providers/common/sql/hooks/sql.py", line 369, in _run_command
    cur.execute(sql_statement)
psycopg2.errors.UniqueViolation: duplicate key value violates unique constraint "weathers_pkey"
DETAIL:  Key (id)=(0) already exists.

[2024-09-14T19:00:43.569+0000] {taskinstance.py:1327} INFO - Marking task as UP_FOR_RETRY. dag_id=save_city_info_weather_v01, task_id=insert_data, execution_date=20240914T182542, start_date=20240914T190042, end_date=20240914T190043
[2024-09-14T19:00:43.592+0000] {standard_task_runner.py:105} ERROR - Failed to execute job 75 for task insert_data (duplicate key value violates unique constraint "weathers_pkey"
DETAIL:  Key (id)=(0) already exists.
; 7219)
[2024-09-14T19:00:43.635+0000] {local_task_job.py:159} INFO - Task exited with return code 1
[2024-09-14T19:00:43.658+0000] {taskinstance.py:2582} INFO - 0 downstream tasks scheduled from follow-on schedule check
