[2024-09-14T19:10:45.946+0000] {taskinstance.py:1087} INFO - Dependencies all met for <TaskInstance: save_city_info_weather_v01.insert_data manual__2024-09-14T18:25:42.023124+00:00 [queued]>
[2024-09-14T19:10:45.956+0000] {taskinstance.py:1087} INFO - Dependencies all met for <TaskInstance: save_city_info_weather_v01.insert_data manual__2024-09-14T18:25:42.023124+00:00 [queued]>
[2024-09-14T19:10:45.956+0000] {taskinstance.py:1283} INFO - 
--------------------------------------------------------------------------------
[2024-09-14T19:10:45.956+0000] {taskinstance.py:1284} INFO - Starting attempt 5 of 6
[2024-09-14T19:10:45.956+0000] {taskinstance.py:1285} INFO - 
--------------------------------------------------------------------------------
[2024-09-14T19:10:45.979+0000] {taskinstance.py:1304} INFO - Executing <Task(PostgresOperator): insert_data> on 2024-09-14 18:25:42.023124+00:00
[2024-09-14T19:10:45.985+0000] {standard_task_runner.py:55} INFO - Started process 8077 to run task
[2024-09-14T19:10:45.989+0000] {standard_task_runner.py:82} INFO - Running: ['***', 'tasks', 'run', 'save_city_info_weather_v01', 'insert_data', 'manual__2024-09-14T18:25:42.023124+00:00', '--job-id', '90', '--raw', '--subdir', 'DAGS_FOLDER/saver_info.py', '--cfg-path', '/tmp/tmpvfypjr84']
[2024-09-14T19:10:45.990+0000] {standard_task_runner.py:83} INFO - Job 90: Subtask insert_data
[2024-09-14T19:10:46.077+0000] {task_command.py:389} INFO - Running <TaskInstance: save_city_info_weather_v01.insert_data manual__2024-09-14T18:25:42.023124+00:00 [running]> on host 0c5fe11d0c9c
[2024-09-14T19:10:46.142+0000] {taskinstance.py:1513} INFO - Exporting the following env vars:
AIRFLOW_CTX_DAG_OWNER=me
AIRFLOW_CTX_DAG_ID=save_city_info_weather_v01
AIRFLOW_CTX_TASK_ID=insert_data
AIRFLOW_CTX_EXECUTION_DATE=2024-09-14T18:25:42.023124+00:00
AIRFLOW_CTX_TRY_NUMBER=5
AIRFLOW_CTX_DAG_RUN_ID=manual__2024-09-14T18:25:42.023124+00:00
[2024-09-14T19:10:46.144+0000] {sql.py:253} INFO - Executing: 
            insert into weathers (id, city_name, max_temp, min_temp, wind, description) values (1,ti.xcom_pull(task_ids="fetcher_data", key="return_value"), '10', '6', '2', 'Kakto')
        
[2024-09-14T19:10:46.151+0000] {base.py:73} INFO - Using connection ID 'postgres_localhost' for task execution.
[2024-09-14T19:10:46.277+0000] {base.py:73} INFO - Using connection ID 'postgres_localhost' for task execution.
[2024-09-14T19:10:46.284+0000] {sql.py:364} INFO - Running statement: 
            insert into weathers (id, city_name, max_temp, min_temp, wind, description) values (1,ti.xcom_pull(task_ids="fetcher_data", key="return_value"), '10', '6', '2', 'Kakto')
        , parameters: None
[2024-09-14T19:10:46.286+0000] {taskinstance.py:1772} ERROR - Task failed with exception
Traceback (most recent call last):
  File "/home/airflow/.local/lib/python3.7/site-packages/airflow/providers/common/sql/operators/sql.py", line 261, in execute
    return_last=self.return_last,
  File "/home/airflow/.local/lib/python3.7/site-packages/airflow/providers/common/sql/hooks/sql.py", line 338, in run
    self._run_command(cur, sql_statement, parameters)
  File "/home/airflow/.local/lib/python3.7/site-packages/airflow/providers/common/sql/hooks/sql.py", line 369, in _run_command
    cur.execute(sql_statement)
psycopg2.errors.UndefinedColumn: column "task_ids" does not exist
LINE 2: ...n_temp, wind, description) values (1,ti.xcom_pull(task_ids="...
                                                             ^

[2024-09-14T19:10:46.292+0000] {taskinstance.py:1327} INFO - Marking task as UP_FOR_RETRY. dag_id=save_city_info_weather_v01, task_id=insert_data, execution_date=20240914T182542, start_date=20240914T191045, end_date=20240914T191046
[2024-09-14T19:10:46.300+0000] {standard_task_runner.py:105} ERROR - Failed to execute job 90 for task insert_data (column "task_ids" does not exist
LINE 2: ...n_temp, wind, description) values (1,ti.xcom_pull(task_ids="...
                                                             ^
; 8077)
[2024-09-14T19:10:46.334+0000] {local_task_job.py:159} INFO - Task exited with return code 1
[2024-09-14T19:10:46.362+0000] {taskinstance.py:2582} INFO - 0 downstream tasks scheduled from follow-on schedule check
