[2024-09-14T16:37:27.835+0000] {taskinstance.py:1087} INFO - Dependencies all met for <TaskInstance: my_first_dag.extract manual__2024-09-14T16:37:26.924068+00:00 [queued]>
[2024-09-14T16:37:27.840+0000] {taskinstance.py:1087} INFO - Dependencies all met for <TaskInstance: my_first_dag.extract manual__2024-09-14T16:37:26.924068+00:00 [queued]>
[2024-09-14T16:37:27.841+0000] {taskinstance.py:1283} INFO - 
--------------------------------------------------------------------------------
[2024-09-14T16:37:27.841+0000] {taskinstance.py:1284} INFO - Starting attempt 1 of 1
[2024-09-14T16:37:27.841+0000] {taskinstance.py:1285} INFO - 
--------------------------------------------------------------------------------
[2024-09-14T16:37:27.851+0000] {taskinstance.py:1304} INFO - Executing <Task(_PythonDecoratedOperator): extract> on 2024-09-14 16:37:26.924068+00:00
[2024-09-14T16:37:27.854+0000] {standard_task_runner.py:55} INFO - Started process 3461 to run task
[2024-09-14T16:37:27.857+0000] {standard_task_runner.py:82} INFO - Running: ['***', 'tasks', 'run', 'my_first_dag', 'extract', 'manual__2024-09-14T16:37:26.924068+00:00', '--job-id', '32', '--raw', '--subdir', 'DAGS_FOLDER/first_dag.py', '--cfg-path', '/tmp/tmp69cdlfou']
[2024-09-14T16:37:27.857+0000] {standard_task_runner.py:83} INFO - Job 32: Subtask extract
[2024-09-14T16:37:27.895+0000] {task_command.py:389} INFO - Running <TaskInstance: my_first_dag.extract manual__2024-09-14T16:37:26.924068+00:00 [running]> on host 769272fb41c3
[2024-09-14T16:37:27.931+0000] {taskinstance.py:1513} INFO - Exporting the following env vars:
AIRFLOW_CTX_DAG_OWNER=***
AIRFLOW_CTX_DAG_ID=my_first_dag
AIRFLOW_CTX_TASK_ID=extract
AIRFLOW_CTX_EXECUTION_DATE=2024-09-14T16:37:26.924068+00:00
AIRFLOW_CTX_TRY_NUMBER=1
AIRFLOW_CTX_DAG_RUN_ID=manual__2024-09-14T16:37:26.924068+00:00
[2024-09-14T16:37:31.397+0000] {python.py:177} INFO - Done. Returned value was: [{'id': 'MTgwMTYzNg', 'url': 'https://cdn2.thecatapi.com/images/MTgwMTYzNg.jpg', 'width': 3664, 'height': 2748}]
[2024-09-14T16:37:31.426+0000] {taskinstance.py:1327} INFO - Marking task as SUCCESS. dag_id=my_first_dag, task_id=extract, execution_date=20240914T163726, start_date=20240914T163727, end_date=20240914T163731
[2024-09-14T16:37:31.486+0000] {local_task_job.py:159} INFO - Task exited with return code 0
[2024-09-14T16:37:31.514+0000] {taskinstance.py:2582} INFO - 1 downstream tasks scheduled from follow-on schedule check
