[2024-09-14T16:02:57.966+0000] {taskinstance.py:1087} INFO - Dependencies all met for <TaskInstance: tutorial_taskflow_api_etl.load manual__2024-09-14T15:59:29.573614+00:00 [queued]>
[2024-09-14T16:02:57.970+0000] {taskinstance.py:1087} INFO - Dependencies all met for <TaskInstance: tutorial_taskflow_api_etl.load manual__2024-09-14T15:59:29.573614+00:00 [queued]>
[2024-09-14T16:02:57.971+0000] {taskinstance.py:1283} INFO - 
--------------------------------------------------------------------------------
[2024-09-14T16:02:57.971+0000] {taskinstance.py:1284} INFO - Starting attempt 2 of 2
[2024-09-14T16:02:57.971+0000] {taskinstance.py:1285} INFO - 
--------------------------------------------------------------------------------
[2024-09-14T16:02:57.978+0000] {taskinstance.py:1304} INFO - Executing <Task(_PythonDecoratedOperator): load> on 2024-09-14 15:59:29.573614+00:00
[2024-09-14T16:02:57.981+0000] {standard_task_runner.py:55} INFO - Started process 496 to run task
[2024-09-14T16:02:57.984+0000] {standard_task_runner.py:82} INFO - Running: ['***', 'tasks', 'run', 'tutorial_taskflow_api_etl', 'load', 'manual__2024-09-14T15:59:29.573614+00:00', '--job-id', '12', '--raw', '--subdir', 'DAGS_FOLDER/first_dag.py', '--cfg-path', '/tmp/tmpv1o0yeq0']
[2024-09-14T16:02:57.984+0000] {standard_task_runner.py:83} INFO - Job 12: Subtask load
[2024-09-14T16:02:58.015+0000] {task_command.py:389} INFO - Running <TaskInstance: tutorial_taskflow_api_etl.load manual__2024-09-14T15:59:29.573614+00:00 [running]> on host 769272fb41c3
[2024-09-14T16:02:58.052+0000] {taskinstance.py:1513} INFO - Exporting the following env vars:
AIRFLOW_CTX_DAG_OWNER=***
AIRFLOW_CTX_DAG_ID=tutorial_taskflow_api_etl
AIRFLOW_CTX_TASK_ID=load
AIRFLOW_CTX_EXECUTION_DATE=2024-09-14T15:59:29.573614+00:00
AIRFLOW_CTX_TRY_NUMBER=2
AIRFLOW_CTX_DAG_RUN_ID=manual__2024-09-14T15:59:29.573614+00:00
[2024-09-14T16:02:58.053+0000] {logging_mixin.py:137} INFO - Total order value is: 1236.70
[2024-09-14T16:02:58.053+0000] {python.py:177} INFO - Done. Returned value was: None
[2024-09-14T16:02:58.058+0000] {taskinstance.py:1327} INFO - Marking task as SUCCESS. dag_id=tutorial_taskflow_api_etl, task_id=load, execution_date=20240914T155929, start_date=20240914T160257, end_date=20240914T160258
[2024-09-14T16:02:58.082+0000] {local_task_job.py:159} INFO - Task exited with return code 0
[2024-09-14T16:02:58.092+0000] {taskinstance.py:2582} INFO - 0 downstream tasks scheduled from follow-on schedule check
