[2024-09-14T15:59:32.682+0000] {taskinstance.py:1087} INFO - Dependencies all met for <TaskInstance: tutorial_taskflow_api_etl.load manual__2024-09-14T15:59:29.573614+00:00 [queued]>
[2024-09-14T15:59:32.689+0000] {taskinstance.py:1087} INFO - Dependencies all met for <TaskInstance: tutorial_taskflow_api_etl.load manual__2024-09-14T15:59:29.573614+00:00 [queued]>
[2024-09-14T15:59:32.689+0000] {taskinstance.py:1283} INFO - 
--------------------------------------------------------------------------------
[2024-09-14T15:59:32.690+0000] {taskinstance.py:1284} INFO - Starting attempt 1 of 1
[2024-09-14T15:59:32.690+0000] {taskinstance.py:1285} INFO - 
--------------------------------------------------------------------------------
[2024-09-14T15:59:32.699+0000] {taskinstance.py:1304} INFO - Executing <Task(_PythonDecoratedOperator): load> on 2024-09-14 15:59:29.573614+00:00
[2024-09-14T15:59:32.704+0000] {standard_task_runner.py:55} INFO - Started process 203 to run task
[2024-09-14T15:59:32.713+0000] {standard_task_runner.py:82} INFO - Running: ['***', 'tasks', 'run', 'tutorial_taskflow_api_etl', 'load', 'manual__2024-09-14T15:59:29.573614+00:00', '--job-id', '9', '--raw', '--subdir', 'DAGS_FOLDER/first_dag.py', '--cfg-path', '/tmp/tmpyy6kbcl9']
[2024-09-14T15:59:32.714+0000] {standard_task_runner.py:83} INFO - Job 9: Subtask load
[2024-09-14T15:59:32.784+0000] {task_command.py:389} INFO - Running <TaskInstance: tutorial_taskflow_api_etl.load manual__2024-09-14T15:59:29.573614+00:00 [running]> on host 769272fb41c3
[2024-09-14T15:59:32.830+0000] {taskinstance.py:1513} INFO - Exporting the following env vars:
AIRFLOW_CTX_DAG_OWNER=***
AIRFLOW_CTX_DAG_ID=tutorial_taskflow_api_etl
AIRFLOW_CTX_TASK_ID=load
AIRFLOW_CTX_EXECUTION_DATE=2024-09-14T15:59:29.573614+00:00
AIRFLOW_CTX_TRY_NUMBER=1
AIRFLOW_CTX_DAG_RUN_ID=manual__2024-09-14T15:59:29.573614+00:00
[2024-09-14T15:59:32.831+0000] {logging_mixin.py:137} INFO - Total order value is: 1236.70
[2024-09-14T15:59:32.831+0000] {python.py:177} INFO - Done. Returned value was: None
[2024-09-14T15:59:32.837+0000] {taskinstance.py:1327} INFO - Marking task as SUCCESS. dag_id=tutorial_taskflow_api_etl, task_id=load, execution_date=20240914T155929, start_date=20240914T155932, end_date=20240914T155932
[2024-09-14T15:59:32.851+0000] {local_task_job.py:159} INFO - Task exited with return code 0
[2024-09-14T15:59:32.863+0000] {taskinstance.py:2582} INFO - 0 downstream tasks scheduled from follow-on schedule check
