[2024-09-15T08:38:50.928+0000] {taskinstance.py:1087} INFO - Dependencies all met for <TaskInstance: save_city_info_weather_v01.insert_data manual__2024-09-15T08:38:44.803385+00:00 [queued]>
[2024-09-15T08:38:50.934+0000] {taskinstance.py:1087} INFO - Dependencies all met for <TaskInstance: save_city_info_weather_v01.insert_data manual__2024-09-15T08:38:44.803385+00:00 [queued]>
[2024-09-15T08:38:50.934+0000] {taskinstance.py:1283} INFO - 
--------------------------------------------------------------------------------
[2024-09-15T08:38:50.934+0000] {taskinstance.py:1284} INFO - Starting attempt 1 of 6
[2024-09-15T08:38:50.934+0000] {taskinstance.py:1285} INFO - 
--------------------------------------------------------------------------------
[2024-09-15T08:38:50.942+0000] {taskinstance.py:1304} INFO - Executing <Task(PostgresOperator): insert_data> on 2024-09-15 08:38:44.803385+00:00
[2024-09-15T08:38:50.947+0000] {standard_task_runner.py:55} INFO - Started process 3893 to run task
[2024-09-15T08:38:50.950+0000] {standard_task_runner.py:82} INFO - Running: ['***', 'tasks', 'run', 'save_city_info_weather_v01', 'insert_data', 'manual__2024-09-15T08:38:44.803385+00:00', '--job-id', '382', '--raw', '--subdir', 'DAGS_FOLDER/saver_info.py', '--cfg-path', '/tmp/tmp80mlh67l']
[2024-09-15T08:38:50.950+0000] {standard_task_runner.py:83} INFO - Job 382: Subtask insert_data
[2024-09-15T08:38:50.996+0000] {task_command.py:389} INFO - Running <TaskInstance: save_city_info_weather_v01.insert_data manual__2024-09-15T08:38:44.803385+00:00 [running]> on host 0c5fe11d0c9c
[2024-09-15T08:38:51.068+0000] {taskinstance.py:1513} INFO - Exporting the following env vars:
AIRFLOW_CTX_DAG_OWNER=me
AIRFLOW_CTX_DAG_ID=save_city_info_weather_v01
AIRFLOW_CTX_TASK_ID=insert_data
AIRFLOW_CTX_EXECUTION_DATE=2024-09-15T08:38:44.803385+00:00
AIRFLOW_CTX_TRY_NUMBER=1
AIRFLOW_CTX_DAG_RUN_ID=manual__2024-09-15T08:38:44.803385+00:00
[2024-09-15T08:38:51.068+0000] {sql.py:253} INFO - Executing: insert into weathers (city_name, max_temp, min_temp, wind, descript)
            values (
                     'Самарская область',
                     '25.31',
                     '25.31',
                     '4',
                     'небольшая облачность'); 
[2024-09-15T08:38:51.074+0000] {base.py:73} INFO - Using connection ID 'postgres_localhost' for task execution.
[2024-09-15T08:38:51.193+0000] {base.py:73} INFO - Using connection ID 'postgres_localhost' for task execution.
[2024-09-15T08:38:51.201+0000] {sql.py:364} INFO - Running statement: insert into weathers (city_name, max_temp, min_temp, wind, descript)
            values (
                     'Самарская область',
                     '25.31',
                     '25.31',
                     '4',
                     'небольшая облачность'); , parameters: None
[2024-09-15T08:38:51.203+0000] {sql.py:373} INFO - Rows affected: 1
[2024-09-15T08:38:51.210+0000] {taskinstance.py:1327} INFO - Marking task as SUCCESS. dag_id=save_city_info_weather_v01, task_id=insert_data, execution_date=20240915T083844, start_date=20240915T083850, end_date=20240915T083851
[2024-09-15T08:38:51.259+0000] {local_task_job.py:159} INFO - Task exited with return code 0
[2024-09-15T08:38:51.274+0000] {taskinstance.py:2582} INFO - 0 downstream tasks scheduled from follow-on schedule check
