[2024-09-14T16:25:58.544+0000] {taskinstance.py:1087} INFO - Dependencies all met for <TaskInstance: my_first_dag.extract manual__2024-09-14T16:25:57.641810+00:00 [queued]>
[2024-09-14T16:25:58.550+0000] {taskinstance.py:1087} INFO - Dependencies all met for <TaskInstance: my_first_dag.extract manual__2024-09-14T16:25:57.641810+00:00 [queued]>
[2024-09-14T16:25:58.550+0000] {taskinstance.py:1283} INFO - 
--------------------------------------------------------------------------------
[2024-09-14T16:25:58.551+0000] {taskinstance.py:1284} INFO - Starting attempt 1 of 1
[2024-09-14T16:25:58.551+0000] {taskinstance.py:1285} INFO - 
--------------------------------------------------------------------------------
[2024-09-14T16:25:58.559+0000] {taskinstance.py:1304} INFO - Executing <Task(_PythonDecoratedOperator): extract> on 2024-09-14 16:25:57.641810+00:00
[2024-09-14T16:25:58.562+0000] {standard_task_runner.py:55} INFO - Started process 2457 to run task
[2024-09-14T16:25:58.565+0000] {standard_task_runner.py:82} INFO - Running: ['***', 'tasks', 'run', 'my_first_dag', 'extract', 'manual__2024-09-14T16:25:57.641810+00:00', '--job-id', '18', '--raw', '--subdir', 'DAGS_FOLDER/first_dag.py', '--cfg-path', '/tmp/tmpi1f97veb']
[2024-09-14T16:25:58.565+0000] {standard_task_runner.py:83} INFO - Job 18: Subtask extract
[2024-09-14T16:25:58.604+0000] {task_command.py:389} INFO - Running <TaskInstance: my_first_dag.extract manual__2024-09-14T16:25:57.641810+00:00 [running]> on host 769272fb41c3
[2024-09-14T16:25:58.646+0000] {taskinstance.py:1513} INFO - Exporting the following env vars:
AIRFLOW_CTX_DAG_OWNER=***
AIRFLOW_CTX_DAG_ID=my_first_dag
AIRFLOW_CTX_TASK_ID=extract
AIRFLOW_CTX_EXECUTION_DATE=2024-09-14T16:25:57.641810+00:00
AIRFLOW_CTX_TRY_NUMBER=1
AIRFLOW_CTX_DAG_RUN_ID=manual__2024-09-14T16:25:57.641810+00:00
[2024-09-14T16:25:58.988+0000] {python.py:177} INFO - Done. Returned value was: [{'id': 'kcDyctLTZ', 'url': 'https://cdn2.thecatapi.com/images/kcDyctLTZ.jpg', 'width': 1080, 'height': 751}]
[2024-09-14T16:25:59.006+0000] {taskinstance.py:1327} INFO - Marking task as SUCCESS. dag_id=my_first_dag, task_id=extract, execution_date=20240914T162557, start_date=20240914T162558, end_date=20240914T162559
[2024-09-14T16:25:59.036+0000] {local_task_job.py:159} INFO - Task exited with return code 0
[2024-09-14T16:25:59.084+0000] {taskinstance.py:2582} INFO - 1 downstream tasks scheduled from follow-on schedule check
