[2024-09-15T06:47:51.580+0000] {taskinstance.py:1087} INFO - Dependencies all met for <TaskInstance: save_city_info_weather_v01.save_city_info_weather manual__2024-09-15T06:47:50.109962+00:00 [queued]>
[2024-09-15T06:47:51.586+0000] {taskinstance.py:1087} INFO - Dependencies all met for <TaskInstance: save_city_info_weather_v01.save_city_info_weather manual__2024-09-15T06:47:50.109962+00:00 [queued]>
[2024-09-15T06:47:51.586+0000] {taskinstance.py:1283} INFO - 
--------------------------------------------------------------------------------
[2024-09-15T06:47:51.586+0000] {taskinstance.py:1284} INFO - Starting attempt 1 of 6
[2024-09-15T06:47:51.586+0000] {taskinstance.py:1285} INFO - 
--------------------------------------------------------------------------------
[2024-09-15T06:47:51.593+0000] {taskinstance.py:1304} INFO - Executing <Task(PostgresOperator): save_city_info_weather> on 2024-09-15 06:47:50.109962+00:00
[2024-09-15T06:47:51.596+0000] {standard_task_runner.py:55} INFO - Started process 151 to run task
[2024-09-15T06:47:51.599+0000] {standard_task_runner.py:82} INFO - Running: ['***', 'tasks', 'run', 'save_city_info_weather_v01', 'save_city_info_weather', 'manual__2024-09-15T06:47:50.109962+00:00', '--job-id', '301', '--raw', '--subdir', 'DAGS_FOLDER/saver_info.py', '--cfg-path', '/tmp/tmpbzf1flpq']
[2024-09-15T06:47:51.599+0000] {standard_task_runner.py:83} INFO - Job 301: Subtask save_city_info_weather
[2024-09-15T06:47:51.656+0000] {task_command.py:389} INFO - Running <TaskInstance: save_city_info_weather_v01.save_city_info_weather manual__2024-09-15T06:47:50.109962+00:00 [running]> on host 0c5fe11d0c9c
[2024-09-15T06:47:51.697+0000] {taskinstance.py:1513} INFO - Exporting the following env vars:
AIRFLOW_CTX_DAG_OWNER=me
AIRFLOW_CTX_DAG_ID=save_city_info_weather_v01
AIRFLOW_CTX_TASK_ID=save_city_info_weather
AIRFLOW_CTX_EXECUTION_DATE=2024-09-15T06:47:50.109962+00:00
AIRFLOW_CTX_TRY_NUMBER=1
AIRFLOW_CTX_DAG_RUN_ID=manual__2024-09-15T06:47:50.109962+00:00
[2024-09-15T06:47:51.698+0000] {sql.py:253} INFO - Executing: 
            create table if not exists weathers (
                id serial PRIMARY KEY ,
                city_name VARCHAR,
                max_temp VARCHAR,
                min_temp VARCHAR,
                wind VARCHAR,
                descript VARCHAR
            )
        
[2024-09-15T06:47:51.708+0000] {taskinstance.py:1772} ERROR - Task failed with exception
Traceback (most recent call last):
  File "/home/airflow/.local/lib/python3.7/site-packages/airflow/providers/common/sql/operators/sql.py", line 254, in execute
    hook = self.get_db_hook()
  File "/home/airflow/.local/lib/python3.7/site-packages/airflow/providers/common/sql/operators/sql.py", line 179, in get_db_hook
    return self._hook
  File "/home/airflow/.local/lib/python3.7/site-packages/cached_property.py", line 36, in __get__
    value = obj.__dict__[self.func.__name__] = self.func(obj)
  File "/home/airflow/.local/lib/python3.7/site-packages/airflow/providers/common/sql/operators/sql.py", line 141, in _hook
    conn = BaseHook.get_connection(self.conn_id)
  File "/home/airflow/.local/lib/python3.7/site-packages/airflow/hooks/base.py", line 72, in get_connection
    conn = Connection.get_connection_from_secrets(conn_id)
  File "/home/airflow/.local/lib/python3.7/site-packages/airflow/models/connection.py", line 432, in get_connection_from_secrets
    raise AirflowNotFoundException(f"The conn_id `{conn_id}` isn't defined")
airflow.exceptions.AirflowNotFoundException: The conn_id `postgres_default` isn't defined
[2024-09-15T06:47:51.712+0000] {taskinstance.py:1327} INFO - Marking task as UP_FOR_RETRY. dag_id=save_city_info_weather_v01, task_id=save_city_info_weather, execution_date=20240915T064750, start_date=20240915T064751, end_date=20240915T064751
[2024-09-15T06:47:51.719+0000] {standard_task_runner.py:105} ERROR - Failed to execute job 301 for task save_city_info_weather (The conn_id `postgres_default` isn't defined; 151)
[2024-09-15T06:47:51.741+0000] {local_task_job.py:159} INFO - Task exited with return code 1
[2024-09-15T06:47:51.756+0000] {taskinstance.py:2582} INFO - 0 downstream tasks scheduled from follow-on schedule check
