[2024-09-15T06:52:52.227+0000] {taskinstance.py:1087} INFO - Dependencies all met for <TaskInstance: save_city_info_weather_v01.save_city_info_weather manual__2024-09-15T06:47:50.109962+00:00 [queued]>
[2024-09-15T06:52:52.232+0000] {taskinstance.py:1087} INFO - Dependencies all met for <TaskInstance: save_city_info_weather_v01.save_city_info_weather manual__2024-09-15T06:47:50.109962+00:00 [queued]>
[2024-09-15T06:52:52.232+0000] {taskinstance.py:1283} INFO - 
--------------------------------------------------------------------------------
[2024-09-15T06:52:52.232+0000] {taskinstance.py:1284} INFO - Starting attempt 2 of 6
[2024-09-15T06:52:52.232+0000] {taskinstance.py:1285} INFO - 
--------------------------------------------------------------------------------
[2024-09-15T06:52:52.239+0000] {taskinstance.py:1304} INFO - Executing <Task(PostgresOperator): save_city_info_weather> on 2024-09-15 06:47:50.109962+00:00
[2024-09-15T06:52:52.242+0000] {standard_task_runner.py:55} INFO - Started process 595 to run task
[2024-09-15T06:52:52.245+0000] {standard_task_runner.py:82} INFO - Running: ['***', 'tasks', 'run', 'save_city_info_weather_v01', 'save_city_info_weather', 'manual__2024-09-15T06:47:50.109962+00:00', '--job-id', '315', '--raw', '--subdir', 'DAGS_FOLDER/saver_info.py', '--cfg-path', '/tmp/tmp0lgoc_jm']
[2024-09-15T06:52:52.246+0000] {standard_task_runner.py:83} INFO - Job 315: Subtask save_city_info_weather
[2024-09-15T06:52:52.297+0000] {task_command.py:389} INFO - Running <TaskInstance: save_city_info_weather_v01.save_city_info_weather manual__2024-09-15T06:47:50.109962+00:00 [running]> on host 0c5fe11d0c9c
[2024-09-15T06:52:52.333+0000] {taskinstance.py:1513} INFO - Exporting the following env vars:
AIRFLOW_CTX_DAG_OWNER=me
AIRFLOW_CTX_DAG_ID=save_city_info_weather_v01
AIRFLOW_CTX_TASK_ID=save_city_info_weather
AIRFLOW_CTX_EXECUTION_DATE=2024-09-15T06:47:50.109962+00:00
AIRFLOW_CTX_TRY_NUMBER=2
AIRFLOW_CTX_DAG_RUN_ID=manual__2024-09-15T06:47:50.109962+00:00
[2024-09-15T06:52:52.334+0000] {sql.py:253} INFO - Executing: 
            create table if not exists weathers (
                id serial PRIMARY KEY ,
                city_name VARCHAR,
                max_temp VARCHAR,
                min_temp VARCHAR,
                wind VARCHAR,
                descript VARCHAR
            )
        
[2024-09-15T06:52:52.338+0000] {base.py:73} INFO - Using connection ID 'postgres_localhost' for task execution.
[2024-09-15T06:52:52.440+0000] {base.py:73} INFO - Using connection ID 'postgres_localhost' for task execution.
[2024-09-15T06:52:52.446+0000] {sql.py:364} INFO - Running statement: 
            create table if not exists weathers (
                id serial PRIMARY KEY ,
                city_name VARCHAR,
                max_temp VARCHAR,
                min_temp VARCHAR,
                wind VARCHAR,
                descript VARCHAR
            )
        , parameters: None
[2024-09-15T06:52:52.452+0000] {taskinstance.py:1327} INFO - Marking task as SUCCESS. dag_id=save_city_info_weather_v01, task_id=save_city_info_weather, execution_date=20240915T064750, start_date=20240915T065252, end_date=20240915T065252
[2024-09-15T06:52:52.470+0000] {local_task_job.py:159} INFO - Task exited with return code 0
[2024-09-15T06:52:52.486+0000] {taskinstance.py:2582} INFO - 1 downstream tasks scheduled from follow-on schedule check
