[2024-09-14T17:11:49.906+0000] {taskinstance.py:1087} INFO - Dependencies all met for <TaskInstance: my_first_dag.transform manual__2024-09-14T17:11:44.660146+00:00 [queued]>
[2024-09-14T17:11:49.912+0000] {taskinstance.py:1087} INFO - Dependencies all met for <TaskInstance: my_first_dag.transform manual__2024-09-14T17:11:44.660146+00:00 [queued]>
[2024-09-14T17:11:49.912+0000] {taskinstance.py:1283} INFO - 
--------------------------------------------------------------------------------
[2024-09-14T17:11:49.912+0000] {taskinstance.py:1284} INFO - Starting attempt 1 of 1
[2024-09-14T17:11:49.913+0000] {taskinstance.py:1285} INFO - 
--------------------------------------------------------------------------------
[2024-09-14T17:11:49.926+0000] {taskinstance.py:1304} INFO - Executing <Task(_PythonDecoratedOperator): transform> on 2024-09-14 17:11:44.660146+00:00
[2024-09-14T17:11:49.947+0000] {standard_task_runner.py:55} INFO - Started process 6388 to run task
[2024-09-14T17:11:49.958+0000] {standard_task_runner.py:82} INFO - Running: ['***', 'tasks', 'run', 'my_first_dag', 'transform', 'manual__2024-09-14T17:11:44.660146+00:00', '--job-id', '49', '--raw', '--subdir', 'DAGS_FOLDER/first_dag.py', '--cfg-path', '/tmp/tmptj0i1hew']
[2024-09-14T17:11:49.959+0000] {standard_task_runner.py:83} INFO - Job 49: Subtask transform
[2024-09-14T17:11:50.119+0000] {task_command.py:389} INFO - Running <TaskInstance: my_first_dag.transform manual__2024-09-14T17:11:44.660146+00:00 [running]> on host 769272fb41c3
[2024-09-14T17:11:50.196+0000] {taskinstance.py:1513} INFO - Exporting the following env vars:
AIRFLOW_CTX_DAG_OWNER=***
AIRFLOW_CTX_DAG_ID=my_first_dag
AIRFLOW_CTX_TASK_ID=transform
AIRFLOW_CTX_EXECUTION_DATE=2024-09-14T17:11:44.660146+00:00
AIRFLOW_CTX_TRY_NUMBER=1
AIRFLOW_CTX_DAG_RUN_ID=manual__2024-09-14T17:11:44.660146+00:00
[2024-09-14T17:11:50.197+0000] {python.py:177} INFO - Done. Returned value was: {'max_temp': 22.1, 'min_temp': 20.61, 'description': 'пасмурно', 'wind_speed': 4.24, 'name': 'Москва'}
[2024-09-14T17:11:50.240+0000] {taskinstance.py:1327} INFO - Marking task as SUCCESS. dag_id=my_first_dag, task_id=transform, execution_date=20240914T171144, start_date=20240914T171149, end_date=20240914T171150
[2024-09-14T17:11:50.265+0000] {local_task_job.py:159} INFO - Task exited with return code 0
[2024-09-14T17:11:50.290+0000] {taskinstance.py:2582} INFO - 1 downstream tasks scheduled from follow-on schedule check
