[2024-09-15T07:53:32.944+0000] {taskinstance.py:1087} INFO - Dependencies all met for <TaskInstance: save_city_info_weather_v01.insert_data manual__2024-09-15T07:33:25.648343+00:00 [queued]>
[2024-09-15T07:53:32.951+0000] {taskinstance.py:1087} INFO - Dependencies all met for <TaskInstance: save_city_info_weather_v01.insert_data manual__2024-09-15T07:33:25.648343+00:00 [queued]>
[2024-09-15T07:53:32.951+0000] {taskinstance.py:1283} INFO - 
--------------------------------------------------------------------------------
[2024-09-15T07:53:32.951+0000] {taskinstance.py:1284} INFO - Starting attempt 2 of 6
[2024-09-15T07:53:32.951+0000] {taskinstance.py:1285} INFO - 
--------------------------------------------------------------------------------
[2024-09-15T07:53:32.960+0000] {taskinstance.py:1304} INFO - Executing <Task(PostgresOperator): insert_data> on 2024-09-15 07:33:25.648343+00:00
[2024-09-15T07:53:32.968+0000] {standard_task_runner.py:55} INFO - Started process 71 to run task
[2024-09-15T07:53:32.990+0000] {standard_task_runner.py:82} INFO - Running: ['***', 'tasks', 'run', 'save_city_info_weather_v01', 'insert_data', 'manual__2024-09-15T07:33:25.648343+00:00', '--job-id', '338', '--raw', '--subdir', 'DAGS_FOLDER/saver_info.py', '--cfg-path', '/tmp/tmpow9zqxd9']
[2024-09-15T07:53:32.992+0000] {standard_task_runner.py:83} INFO - Job 338: Subtask insert_data
[2024-09-15T07:53:33.135+0000] {task_command.py:389} INFO - Running <TaskInstance: save_city_info_weather_v01.insert_data manual__2024-09-15T07:33:25.648343+00:00 [running]> on host 0c5fe11d0c9c
[2024-09-15T07:53:33.243+0000] {taskinstance.py:1513} INFO - Exporting the following env vars:
AIRFLOW_CTX_DAG_OWNER=me
AIRFLOW_CTX_DAG_ID=save_city_info_weather_v01
AIRFLOW_CTX_TASK_ID=insert_data
AIRFLOW_CTX_EXECUTION_DATE=2024-09-15T07:33:25.648343+00:00
AIRFLOW_CTX_TRY_NUMBER=2
AIRFLOW_CTX_DAG_RUN_ID=manual__2024-09-15T07:33:25.648343+00:00
[2024-09-15T07:53:33.245+0000] {sql.py:253} INFO - Executing: insert into weathers (city_name, max_temp, min_temp, wind, descript)
            values (
                     'Москва',
                     '21.29',
                     '19.1',
                     '3.52',
                     'облачно с прояснениями'); 
[2024-09-15T07:53:33.261+0000] {taskinstance.py:1772} ERROR - Task failed with exception
Traceback (most recent call last):
  File "/home/airflow/.local/lib/python3.7/site-packages/airflow/providers/common/sql/operators/sql.py", line 254, in execute
    hook = self.get_db_hook()
  File "/home/airflow/.local/lib/python3.7/site-packages/airflow/providers/common/sql/operators/sql.py", line 179, in get_db_hook
    return self._hook
  File "/home/airflow/.local/lib/python3.7/site-packages/cached_property.py", line 36, in __get__
    value = obj.__dict__[self.func.__name__] = self.func(obj)
  File "/home/airflow/.local/lib/python3.7/site-packages/airflow/providers/common/sql/operators/sql.py", line 141, in _hook
    conn = BaseHook.get_connection(self.conn_id)
  File "/home/airflow/.local/lib/python3.7/site-packages/airflow/hooks/base.py", line 72, in get_connection
    conn = Connection.get_connection_from_secrets(conn_id)
  File "/home/airflow/.local/lib/python3.7/site-packages/airflow/models/connection.py", line 432, in get_connection_from_secrets
    raise AirflowNotFoundException(f"The conn_id `{conn_id}` isn't defined")
airflow.exceptions.AirflowNotFoundException: The conn_id `postgres_default` isn't defined
[2024-09-15T07:53:33.267+0000] {taskinstance.py:1327} INFO - Marking task as UP_FOR_RETRY. dag_id=save_city_info_weather_v01, task_id=insert_data, execution_date=20240915T073325, start_date=20240915T075332, end_date=20240915T075333
[2024-09-15T07:53:33.280+0000] {standard_task_runner.py:105} ERROR - Failed to execute job 338 for task insert_data (The conn_id `postgres_default` isn't defined; 71)
[2024-09-15T07:53:33.301+0000] {local_task_job.py:159} INFO - Task exited with return code 1
[2024-09-15T07:53:33.313+0000] {taskinstance.py:2582} INFO - 0 downstream tasks scheduled from follow-on schedule check
