[2024-09-14T16:26:59.913+0000] {taskinstance.py:1087} INFO - Dependencies all met for <TaskInstance: my_first_dag.transform manual__2024-09-14T16:26:56.825566+00:00 [queued]>
[2024-09-14T16:26:59.924+0000] {taskinstance.py:1087} INFO - Dependencies all met for <TaskInstance: my_first_dag.transform manual__2024-09-14T16:26:56.825566+00:00 [queued]>
[2024-09-14T16:26:59.924+0000] {taskinstance.py:1283} INFO - 
--------------------------------------------------------------------------------
[2024-09-14T16:26:59.924+0000] {taskinstance.py:1284} INFO - Starting attempt 1 of 1
[2024-09-14T16:26:59.925+0000] {taskinstance.py:1285} INFO - 
--------------------------------------------------------------------------------
[2024-09-14T16:26:59.934+0000] {taskinstance.py:1304} INFO - Executing <Task(_PythonDecoratedOperator): transform> on 2024-09-14 16:26:56.825566+00:00
[2024-09-14T16:26:59.938+0000] {standard_task_runner.py:55} INFO - Started process 2547 to run task
[2024-09-14T16:26:59.941+0000] {standard_task_runner.py:82} INFO - Running: ['***', 'tasks', 'run', 'my_first_dag', 'transform', 'manual__2024-09-14T16:26:56.825566+00:00', '--job-id', '23', '--raw', '--subdir', 'DAGS_FOLDER/first_dag.py', '--cfg-path', '/tmp/tmphucugogm']
[2024-09-14T16:26:59.942+0000] {standard_task_runner.py:83} INFO - Job 23: Subtask transform
[2024-09-14T16:27:00.217+0000] {task_command.py:389} INFO - Running <TaskInstance: my_first_dag.transform manual__2024-09-14T16:26:56.825566+00:00 [running]> on host 769272fb41c3
[2024-09-14T16:27:00.491+0000] {taskinstance.py:1513} INFO - Exporting the following env vars:
AIRFLOW_CTX_DAG_OWNER=***
AIRFLOW_CTX_DAG_ID=my_first_dag
AIRFLOW_CTX_TASK_ID=transform
AIRFLOW_CTX_EXECUTION_DATE=2024-09-14T16:26:56.825566+00:00
AIRFLOW_CTX_TRY_NUMBER=1
AIRFLOW_CTX_DAG_RUN_ID=manual__2024-09-14T16:26:56.825566+00:00
[2024-09-14T16:27:00.497+0000] {python.py:177} INFO - Done. Returned value was: [{'id': 'a9s', 'url': 'https://cdn2.thecatapi.com/images/a9s.jpg', 'width': 1491, 'height': 1263}]
[2024-09-14T16:27:00.512+0000] {taskinstance.py:1772} ERROR - Task failed with exception
Traceback (most recent call last):
  File "/home/airflow/.local/lib/python3.7/site-packages/airflow/decorators/base.py", line 218, in execute
    return self._handle_output(return_value=return_value, context=context, xcom_push=self.xcom_push)
  File "/home/airflow/.local/lib/python3.7/site-packages/airflow/decorators/base.py", line 251, in _handle_output
    f"Returned output was type {type(return_value)} expected dictionary for multiple_outputs"
airflow.exceptions.AirflowException: Returned output was type <class 'list'> expected dictionary for multiple_outputs
[2024-09-14T16:27:00.516+0000] {taskinstance.py:1327} INFO - Marking task as FAILED. dag_id=my_first_dag, task_id=transform, execution_date=20240914T162656, start_date=20240914T162659, end_date=20240914T162700
[2024-09-14T16:27:00.527+0000] {standard_task_runner.py:105} ERROR - Failed to execute job 23 for task transform (Returned output was type <class 'list'> expected dictionary for multiple_outputs; 2547)
[2024-09-14T16:27:00.594+0000] {local_task_job.py:159} INFO - Task exited with return code 1
[2024-09-14T16:27:00.632+0000] {taskinstance.py:2582} INFO - 0 downstream tasks scheduled from follow-on schedule check
