[2024-09-14T16:50:08.162+0000] {taskinstance.py:1087} INFO - Dependencies all met for <TaskInstance: my_first_dag.extract manual__2024-09-14T16:50:07.047490+00:00 [queued]>
[2024-09-14T16:50:08.167+0000] {taskinstance.py:1087} INFO - Dependencies all met for <TaskInstance: my_first_dag.extract manual__2024-09-14T16:50:07.047490+00:00 [queued]>
[2024-09-14T16:50:08.168+0000] {taskinstance.py:1283} INFO - 
--------------------------------------------------------------------------------
[2024-09-14T16:50:08.168+0000] {taskinstance.py:1284} INFO - Starting attempt 1 of 1
[2024-09-14T16:50:08.168+0000] {taskinstance.py:1285} INFO - 
--------------------------------------------------------------------------------
[2024-09-14T16:50:08.176+0000] {taskinstance.py:1304} INFO - Executing <Task(_PythonDecoratedOperator): extract> on 2024-09-14 16:50:07.047490+00:00
[2024-09-14T16:50:08.181+0000] {standard_task_runner.py:55} INFO - Started process 4558 to run task
[2024-09-14T16:50:08.183+0000] {standard_task_runner.py:82} INFO - Running: ['***', 'tasks', 'run', 'my_first_dag', 'extract', 'manual__2024-09-14T16:50:07.047490+00:00', '--job-id', '45', '--raw', '--subdir', 'DAGS_FOLDER/first_dag.py', '--cfg-path', '/tmp/tmpxhm59n6_']
[2024-09-14T16:50:08.184+0000] {standard_task_runner.py:83} INFO - Job 45: Subtask extract
[2024-09-14T16:50:08.231+0000] {task_command.py:389} INFO - Running <TaskInstance: my_first_dag.extract manual__2024-09-14T16:50:07.047490+00:00 [running]> on host 769272fb41c3
[2024-09-14T16:50:08.273+0000] {taskinstance.py:1513} INFO - Exporting the following env vars:
AIRFLOW_CTX_DAG_OWNER=***
AIRFLOW_CTX_DAG_ID=my_first_dag
AIRFLOW_CTX_TASK_ID=extract
AIRFLOW_CTX_EXECUTION_DATE=2024-09-14T16:50:07.047490+00:00
AIRFLOW_CTX_TRY_NUMBER=1
AIRFLOW_CTX_DAG_RUN_ID=manual__2024-09-14T16:50:07.047490+00:00
[2024-09-14T16:50:08.634+0000] {python.py:177} INFO - Done. Returned value was: [{'id': '9vp', 'url': 'https://cdn2.thecatapi.com/images/9vp.jpg', 'width': 400, 'height': 267}, {'id': 'a6l', 'url': 'https://cdn2.thecatapi.com/images/a6l.jpg', 'width': 450, 'height': 301}, {'id': 'an1', 'url': 'https://cdn2.thecatapi.com/images/an1.jpg', 'width': 320, 'height': 240}, {'id': 'bme', 'url': 'https://cdn2.thecatapi.com/images/bme.jpg', 'width': 500, 'height': 520}, {'id': 'c3l', 'url': 'https://cdn2.thecatapi.com/images/c3l.jpg', 'width': 475, 'height': 698}, {'id': 'db8', 'url': 'https://cdn2.thecatapi.com/images/db8.gif', 'width': 480, 'height': 320}, {'id': 'dt7', 'url': 'https://cdn2.thecatapi.com/images/dt7.png', 'width': 765, 'height': 1024}, {'id': 'MTYxMTE2Mg', 'url': 'https://cdn2.thecatapi.com/images/MTYxMTE2Mg.jpg', 'width': 960, 'height': 720}, {'id': 'TzyZJUeIM', 'url': 'https://cdn2.thecatapi.com/images/TzyZJUeIM.jpg', 'width': 900, 'height': 1137}, {'id': 'EZRMwvax_', 'url': 'https://cdn2.thecatapi.com/images/EZRMwvax_.jpg', 'width': 1024, 'height': 1024}]
[2024-09-14T16:50:08.655+0000] {taskinstance.py:1327} INFO - Marking task as SUCCESS. dag_id=my_first_dag, task_id=extract, execution_date=20240914T165007, start_date=20240914T165008, end_date=20240914T165008
[2024-09-14T16:50:08.693+0000] {local_task_job.py:159} INFO - Task exited with return code 0
[2024-09-14T16:50:08.743+0000] {taskinstance.py:2582} INFO - 1 downstream tasks scheduled from follow-on schedule check
