[2024-09-14T17:11:51.612+0000] {taskinstance.py:1087} INFO - Dependencies all met for <TaskInstance: my_first_dag.load manual__2024-09-14T17:11:44.660146+00:00 [queued]>
[2024-09-14T17:11:51.626+0000] {taskinstance.py:1087} INFO - Dependencies all met for <TaskInstance: my_first_dag.load manual__2024-09-14T17:11:44.660146+00:00 [queued]>
[2024-09-14T17:11:51.627+0000] {taskinstance.py:1283} INFO - 
--------------------------------------------------------------------------------
[2024-09-14T17:11:51.628+0000] {taskinstance.py:1284} INFO - Starting attempt 1 of 1
[2024-09-14T17:11:51.628+0000] {taskinstance.py:1285} INFO - 
--------------------------------------------------------------------------------
[2024-09-14T17:11:51.646+0000] {taskinstance.py:1304} INFO - Executing <Task(_PythonDecoratedOperator): load> on 2024-09-14 17:11:44.660146+00:00
[2024-09-14T17:11:51.656+0000] {standard_task_runner.py:55} INFO - Started process 6399 to run task
[2024-09-14T17:11:51.659+0000] {standard_task_runner.py:82} INFO - Running: ['***', 'tasks', 'run', 'my_first_dag', 'load', 'manual__2024-09-14T17:11:44.660146+00:00', '--job-id', '50', '--raw', '--subdir', 'DAGS_FOLDER/first_dag.py', '--cfg-path', '/tmp/tmpssv97i52']
[2024-09-14T17:11:51.660+0000] {standard_task_runner.py:83} INFO - Job 50: Subtask load
[2024-09-14T17:11:51.741+0000] {task_command.py:389} INFO - Running <TaskInstance: my_first_dag.load manual__2024-09-14T17:11:44.660146+00:00 [running]> on host 769272fb41c3
[2024-09-14T17:11:51.784+0000] {taskinstance.py:1513} INFO - Exporting the following env vars:
AIRFLOW_CTX_DAG_OWNER=***
AIRFLOW_CTX_DAG_ID=my_first_dag
AIRFLOW_CTX_TASK_ID=load
AIRFLOW_CTX_EXECUTION_DATE=2024-09-14T17:11:44.660146+00:00
AIRFLOW_CTX_TRY_NUMBER=1
AIRFLOW_CTX_DAG_RUN_ID=manual__2024-09-14T17:11:44.660146+00:00
[2024-09-14T17:11:51.785+0000] {logging_mixin.py:137} INFO - {'max_temp': 22.1, 'min_temp': 20.61, 'description': 'пасмурно', 'wind_speed': 4.24, 'name': 'Москва'}
[2024-09-14T17:11:51.785+0000] {python.py:177} INFO - Done. Returned value was: None
[2024-09-14T17:11:51.790+0000] {taskinstance.py:1327} INFO - Marking task as SUCCESS. dag_id=my_first_dag, task_id=load, execution_date=20240914T171144, start_date=20240914T171151, end_date=20240914T171151
[2024-09-14T17:11:51.799+0000] {local_task_job.py:159} INFO - Task exited with return code 0
[2024-09-14T17:11:51.820+0000] {taskinstance.py:2582} INFO - 0 downstream tasks scheduled from follow-on schedule check
