[2024-09-14T19:56:15.486+0000] {taskinstance.py:1087} INFO - Dependencies all met for <TaskInstance: save_city_info_weather_v01.insert_data manual__2024-09-14T19:31:02.296445+00:00 [queued]>
[2024-09-14T19:56:15.525+0000] {taskinstance.py:1087} INFO - Dependencies all met for <TaskInstance: save_city_info_weather_v01.insert_data manual__2024-09-14T19:31:02.296445+00:00 [queued]>
[2024-09-14T19:56:15.533+0000] {taskinstance.py:1283} INFO - 
--------------------------------------------------------------------------------
[2024-09-14T19:56:15.534+0000] {taskinstance.py:1284} INFO - Starting attempt 6 of 6
[2024-09-14T19:56:15.539+0000] {taskinstance.py:1285} INFO - 
--------------------------------------------------------------------------------
[2024-09-14T19:56:15.596+0000] {taskinstance.py:1304} INFO - Executing <Task(PostgresOperator): insert_data> on 2024-09-14 19:31:02.296445+00:00
[2024-09-14T19:56:15.635+0000] {standard_task_runner.py:55} INFO - Started process 11947 to run task
[2024-09-14T19:56:15.650+0000] {standard_task_runner.py:82} INFO - Running: ['***', 'tasks', 'run', 'save_city_info_weather_v01', 'insert_data', 'manual__2024-09-14T19:31:02.296445+00:00', '--job-id', '173', '--raw', '--subdir', 'DAGS_FOLDER/saver_info.py', '--cfg-path', '/tmp/tmpa9q8rdgc']
[2024-09-14T19:56:15.651+0000] {standard_task_runner.py:83} INFO - Job 173: Subtask insert_data
[2024-09-14T19:56:15.840+0000] {task_command.py:389} INFO - Running <TaskInstance: save_city_info_weather_v01.insert_data manual__2024-09-14T19:31:02.296445+00:00 [running]> on host 0c5fe11d0c9c
[2024-09-14T19:56:15.909+0000] {abstractoperator.py:596} ERROR - Exception rendering Jinja template for task 'insert_data', field 'sql'. Template: "insert into weathers (id, city_name, max_temp, min_temp, wind, description) values (2, '{{parameters.name}}', '{{parameters.max_temp}}', '{{parameters.min_temp}}', '{{parameters.wind}}', '{{parameters.description}}')"
Traceback (most recent call last):
  File "/home/airflow/.local/lib/python3.7/site-packages/airflow/models/abstractoperator.py", line 589, in _do_render_template_fields
    seen_oids,
  File "/home/airflow/.local/lib/python3.7/site-packages/airflow/models/abstractoperator.py", line 646, in render_template
    return render_template_to_string(template, context)
  File "/home/airflow/.local/lib/python3.7/site-packages/airflow/utils/helpers.py", line 288, in render_template_to_string
    return render_template(template, cast(MutableMapping[str, Any], context), native=False)
  File "/home/airflow/.local/lib/python3.7/site-packages/airflow/utils/helpers.py", line 283, in render_template
    return "".join(nodes)
  File "<template>", line 13, in root
  File "/home/airflow/.local/lib/python3.7/site-packages/jinja2/sandbox.py", line 326, in getattr
    value = getattr(obj, attribute)
  File "/home/airflow/.local/lib/python3.7/site-packages/jinja2/runtime.py", line 859, in __getattr__
    return self._fail_with_undefined_error()
  File "/home/airflow/.local/lib/python3.7/site-packages/jinja2/runtime.py", line 852, in _fail_with_undefined_error
    raise self._undefined_exception(self._undefined_message)
jinja2.exceptions.UndefinedError: 'parameters' is undefined
[2024-09-14T19:56:15.917+0000] {taskinstance.py:1772} ERROR - Task failed with exception
Traceback (most recent call last):
  File "/home/airflow/.local/lib/python3.7/site-packages/airflow/models/taskinstance.py", line 1378, in _run_raw_task
    self._execute_task_with_callbacks(context, test_mode)
  File "/home/airflow/.local/lib/python3.7/site-packages/airflow/models/taskinstance.py", line 1497, in _execute_task_with_callbacks
    task_orig = self.render_templates(context=context)
  File "/home/airflow/.local/lib/python3.7/site-packages/airflow/models/taskinstance.py", line 2119, in render_templates
    original_task.render_template_fields(context)
  File "/home/airflow/.local/lib/python3.7/site-packages/airflow/models/baseoperator.py", line 1196, in render_template_fields
    self._do_render_template_fields(self, self.template_fields, context, jinja_env, set())
  File "/home/airflow/.local/lib/python3.7/site-packages/airflow/utils/session.py", line 75, in wrapper
    return func(*args, session=session, **kwargs)
  File "/home/airflow/.local/lib/python3.7/site-packages/airflow/models/abstractoperator.py", line 589, in _do_render_template_fields
    seen_oids,
  File "/home/airflow/.local/lib/python3.7/site-packages/airflow/models/abstractoperator.py", line 646, in render_template
    return render_template_to_string(template, context)
  File "/home/airflow/.local/lib/python3.7/site-packages/airflow/utils/helpers.py", line 288, in render_template_to_string
    return render_template(template, cast(MutableMapping[str, Any], context), native=False)
  File "/home/airflow/.local/lib/python3.7/site-packages/airflow/utils/helpers.py", line 283, in render_template
    return "".join(nodes)
  File "<template>", line 13, in root
  File "/home/airflow/.local/lib/python3.7/site-packages/jinja2/sandbox.py", line 326, in getattr
    value = getattr(obj, attribute)
  File "/home/airflow/.local/lib/python3.7/site-packages/jinja2/runtime.py", line 859, in __getattr__
    return self._fail_with_undefined_error()
  File "/home/airflow/.local/lib/python3.7/site-packages/jinja2/runtime.py", line 852, in _fail_with_undefined_error
    raise self._undefined_exception(self._undefined_message)
jinja2.exceptions.UndefinedError: 'parameters' is undefined
[2024-09-14T19:56:15.970+0000] {taskinstance.py:1327} INFO - Marking task as FAILED. dag_id=save_city_info_weather_v01, task_id=insert_data, execution_date=20240914T193102, start_date=20240914T195615, end_date=20240914T195615
[2024-09-14T19:56:16.024+0000] {standard_task_runner.py:105} ERROR - Failed to execute job 173 for task insert_data ('parameters' is undefined; 11947)
[2024-09-14T19:56:16.158+0000] {local_task_job.py:159} INFO - Task exited with return code 1
[2024-09-14T19:56:16.719+0000] {taskinstance.py:2582} INFO - 0 downstream tasks scheduled from follow-on schedule check
