[2024-09-14T16:24:36.387+0000] {taskinstance.py:1087} INFO - Dependencies all met for <TaskInstance: my_first_dag.extract manual__2024-09-14T16:24:35.560420+00:00 [queued]>
[2024-09-14T16:24:36.395+0000] {taskinstance.py:1087} INFO - Dependencies all met for <TaskInstance: my_first_dag.extract manual__2024-09-14T16:24:35.560420+00:00 [queued]>
[2024-09-14T16:24:36.396+0000] {taskinstance.py:1283} INFO - 
--------------------------------------------------------------------------------
[2024-09-14T16:24:36.396+0000] {taskinstance.py:1284} INFO - Starting attempt 1 of 1
[2024-09-14T16:24:36.396+0000] {taskinstance.py:1285} INFO - 
--------------------------------------------------------------------------------
[2024-09-14T16:24:36.405+0000] {taskinstance.py:1304} INFO - Executing <Task(_PythonDecoratedOperator): extract> on 2024-09-14 16:24:35.560420+00:00
[2024-09-14T16:24:36.409+0000] {standard_task_runner.py:55} INFO - Started process 2334 to run task
[2024-09-14T16:24:36.412+0000] {standard_task_runner.py:82} INFO - Running: ['***', 'tasks', 'run', 'my_first_dag', 'extract', 'manual__2024-09-14T16:24:35.560420+00:00', '--job-id', '16', '--raw', '--subdir', 'DAGS_FOLDER/first_dag.py', '--cfg-path', '/tmp/tmpceeiiida']
[2024-09-14T16:24:36.413+0000] {standard_task_runner.py:83} INFO - Job 16: Subtask extract
[2024-09-14T16:24:36.459+0000] {task_command.py:389} INFO - Running <TaskInstance: my_first_dag.extract manual__2024-09-14T16:24:35.560420+00:00 [running]> on host 769272fb41c3
[2024-09-14T16:24:36.506+0000] {taskinstance.py:1513} INFO - Exporting the following env vars:
AIRFLOW_CTX_DAG_OWNER=***
AIRFLOW_CTX_DAG_ID=my_first_dag
AIRFLOW_CTX_TASK_ID=extract
AIRFLOW_CTX_EXECUTION_DATE=2024-09-14T16:24:35.560420+00:00
AIRFLOW_CTX_TRY_NUMBER=1
AIRFLOW_CTX_DAG_RUN_ID=manual__2024-09-14T16:24:35.560420+00:00
[2024-09-14T16:24:36.943+0000] {python.py:177} INFO - Done. Returned value was: [{'id': 'dls', 'url': 'https://cdn2.thecatapi.com/images/dls.jpg', 'width': 720, 'height': 720}]
[2024-09-14T16:24:37.030+0000] {taskinstance.py:1327} INFO - Marking task as SUCCESS. dag_id=my_first_dag, task_id=extract, execution_date=20240914T162435, start_date=20240914T162436, end_date=20240914T162437
[2024-09-14T16:24:37.050+0000] {local_task_job.py:159} INFO - Task exited with return code 0
[2024-09-14T16:24:37.081+0000] {taskinstance.py:2582} INFO - 1 downstream tasks scheduled from follow-on schedule check
