[2024-09-14T21:00:34.392+0000] {processor.py:153} INFO - Started process (PID=32501) to work on /opt/airflow/dags/new_dag.py
[2024-09-14T21:00:34.403+0000] {processor.py:743} INFO - Processing file /opt/airflow/dags/new_dag.py for tasks to queue
[2024-09-14T21:00:34.409+0000] {logging_mixin.py:137} INFO - [2024-09-14T21:00:34.408+0000] {dagbag.py:538} INFO - Filling up the DagBag from /opt/airflow/dags/new_dag.py
[2024-09-14T21:00:34.434+0000] {processor.py:755} WARNING - No viable dags retrieved from /opt/airflow/dags/new_dag.py
[2024-09-14T21:00:34.509+0000] {processor.py:175} INFO - Processing /opt/airflow/dags/new_dag.py took 0.146 seconds
[2024-09-14T21:01:05.304+0000] {processor.py:153} INFO - Started process (PID=32579) to work on /opt/airflow/dags/new_dag.py
[2024-09-14T21:01:05.313+0000] {processor.py:743} INFO - Processing file /opt/airflow/dags/new_dag.py for tasks to queue
[2024-09-14T21:01:05.315+0000] {logging_mixin.py:137} INFO - [2024-09-14T21:01:05.315+0000] {dagbag.py:538} INFO - Filling up the DagBag from /opt/airflow/dags/new_dag.py
[2024-09-14T21:01:05.328+0000] {processor.py:755} WARNING - No viable dags retrieved from /opt/airflow/dags/new_dag.py
[2024-09-14T21:01:05.423+0000] {processor.py:175} INFO - Processing /opt/airflow/dags/new_dag.py took 0.156 seconds
[2024-09-14T21:01:35.962+0000] {processor.py:153} INFO - Started process (PID=32652) to work on /opt/airflow/dags/new_dag.py
[2024-09-14T21:01:35.964+0000] {processor.py:743} INFO - Processing file /opt/airflow/dags/new_dag.py for tasks to queue
[2024-09-14T21:01:35.966+0000] {logging_mixin.py:137} INFO - [2024-09-14T21:01:35.966+0000] {dagbag.py:538} INFO - Filling up the DagBag from /opt/airflow/dags/new_dag.py
[2024-09-14T21:01:35.978+0000] {processor.py:755} WARNING - No viable dags retrieved from /opt/airflow/dags/new_dag.py
[2024-09-14T21:01:36.030+0000] {processor.py:175} INFO - Processing /opt/airflow/dags/new_dag.py took 0.076 seconds
[2024-09-14T21:02:06.788+0000] {processor.py:153} INFO - Started process (PID=32741) to work on /opt/airflow/dags/new_dag.py
[2024-09-14T21:02:06.790+0000] {processor.py:743} INFO - Processing file /opt/airflow/dags/new_dag.py for tasks to queue
[2024-09-14T21:02:06.791+0000] {logging_mixin.py:137} INFO - [2024-09-14T21:02:06.791+0000] {dagbag.py:538} INFO - Filling up the DagBag from /opt/airflow/dags/new_dag.py
[2024-09-14T21:02:06.799+0000] {processor.py:755} WARNING - No viable dags retrieved from /opt/airflow/dags/new_dag.py
[2024-09-14T21:02:06.816+0000] {processor.py:175} INFO - Processing /opt/airflow/dags/new_dag.py took 0.034 seconds
[2024-09-14T21:02:37.330+0000] {processor.py:153} INFO - Started process (PID=32814) to work on /opt/airflow/dags/new_dag.py
[2024-09-14T21:02:37.331+0000] {processor.py:743} INFO - Processing file /opt/airflow/dags/new_dag.py for tasks to queue
[2024-09-14T21:02:37.333+0000] {logging_mixin.py:137} INFO - [2024-09-14T21:02:37.333+0000] {dagbag.py:538} INFO - Filling up the DagBag from /opt/airflow/dags/new_dag.py
[2024-09-14T21:02:37.338+0000] {processor.py:755} WARNING - No viable dags retrieved from /opt/airflow/dags/new_dag.py
[2024-09-14T21:02:37.359+0000] {processor.py:175} INFO - Processing /opt/airflow/dags/new_dag.py took 0.034 seconds
[2024-09-14T21:03:07.835+0000] {processor.py:153} INFO - Started process (PID=32903) to work on /opt/airflow/dags/new_dag.py
[2024-09-14T21:03:07.838+0000] {processor.py:743} INFO - Processing file /opt/airflow/dags/new_dag.py for tasks to queue
[2024-09-14T21:03:07.839+0000] {logging_mixin.py:137} INFO - [2024-09-14T21:03:07.838+0000] {dagbag.py:538} INFO - Filling up the DagBag from /opt/airflow/dags/new_dag.py
[2024-09-14T21:03:07.844+0000] {processor.py:755} WARNING - No viable dags retrieved from /opt/airflow/dags/new_dag.py
[2024-09-14T21:03:07.878+0000] {processor.py:175} INFO - Processing /opt/airflow/dags/new_dag.py took 0.049 seconds
[2024-09-14T21:03:25.839+0000] {processor.py:153} INFO - Started process (PID=32944) to work on /opt/airflow/dags/new_dag.py
[2024-09-14T21:03:25.846+0000] {processor.py:743} INFO - Processing file /opt/airflow/dags/new_dag.py for tasks to queue
[2024-09-14T21:03:25.854+0000] {logging_mixin.py:137} INFO - [2024-09-14T21:03:25.853+0000] {dagbag.py:538} INFO - Filling up the DagBag from /opt/airflow/dags/new_dag.py
[2024-09-14T21:03:25.952+0000] {processor.py:755} WARNING - No viable dags retrieved from /opt/airflow/dags/new_dag.py
[2024-09-14T21:03:26.034+0000] {processor.py:175} INFO - Processing /opt/airflow/dags/new_dag.py took 0.207 seconds
[2024-09-14T21:03:56.766+0000] {processor.py:153} INFO - Started process (PID=33034) to work on /opt/airflow/dags/new_dag.py
[2024-09-14T21:03:56.767+0000] {processor.py:743} INFO - Processing file /opt/airflow/dags/new_dag.py for tasks to queue
[2024-09-14T21:03:56.768+0000] {logging_mixin.py:137} INFO - [2024-09-14T21:03:56.768+0000] {dagbag.py:538} INFO - Filling up the DagBag from /opt/airflow/dags/new_dag.py
[2024-09-14T21:03:56.801+0000] {processor.py:755} WARNING - No viable dags retrieved from /opt/airflow/dags/new_dag.py
[2024-09-14T21:03:56.819+0000] {processor.py:175} INFO - Processing /opt/airflow/dags/new_dag.py took 0.056 seconds
[2024-09-14T21:04:26.983+0000] {processor.py:153} INFO - Started process (PID=33107) to work on /opt/airflow/dags/new_dag.py
[2024-09-14T21:04:26.984+0000] {processor.py:743} INFO - Processing file /opt/airflow/dags/new_dag.py for tasks to queue
[2024-09-14T21:04:26.985+0000] {logging_mixin.py:137} INFO - [2024-09-14T21:04:26.985+0000] {dagbag.py:538} INFO - Filling up the DagBag from /opt/airflow/dags/new_dag.py
[2024-09-14T21:04:27.003+0000] {processor.py:755} WARNING - No viable dags retrieved from /opt/airflow/dags/new_dag.py
[2024-09-14T21:04:27.016+0000] {processor.py:175} INFO - Processing /opt/airflow/dags/new_dag.py took 0.038 seconds
[2024-09-14T21:05:00.851+0000] {processor.py:153} INFO - Started process (PID=33195) to work on /opt/airflow/dags/new_dag.py
[2024-09-14T21:05:00.853+0000] {processor.py:743} INFO - Processing file /opt/airflow/dags/new_dag.py for tasks to queue
[2024-09-14T21:05:00.854+0000] {logging_mixin.py:137} INFO - [2024-09-14T21:05:00.854+0000] {dagbag.py:538} INFO - Filling up the DagBag from /opt/airflow/dags/new_dag.py
[2024-09-14T21:05:00.875+0000] {processor.py:755} WARNING - No viable dags retrieved from /opt/airflow/dags/new_dag.py
[2024-09-14T21:05:00.908+0000] {processor.py:175} INFO - Processing /opt/airflow/dags/new_dag.py took 0.063 seconds
[2024-09-14T21:05:30.991+0000] {processor.py:153} INFO - Started process (PID=33265) to work on /opt/airflow/dags/new_dag.py
[2024-09-14T21:05:30.993+0000] {processor.py:743} INFO - Processing file /opt/airflow/dags/new_dag.py for tasks to queue
[2024-09-14T21:05:30.994+0000] {logging_mixin.py:137} INFO - [2024-09-14T21:05:30.994+0000] {dagbag.py:538} INFO - Filling up the DagBag from /opt/airflow/dags/new_dag.py
[2024-09-14T21:05:31.019+0000] {processor.py:755} WARNING - No viable dags retrieved from /opt/airflow/dags/new_dag.py
[2024-09-14T21:05:31.034+0000] {processor.py:175} INFO - Processing /opt/airflow/dags/new_dag.py took 0.048 seconds
[2024-09-14T21:06:01.875+0000] {processor.py:153} INFO - Started process (PID=33343) to work on /opt/airflow/dags/new_dag.py
[2024-09-14T21:06:01.877+0000] {processor.py:743} INFO - Processing file /opt/airflow/dags/new_dag.py for tasks to queue
[2024-09-14T21:06:01.877+0000] {logging_mixin.py:137} INFO - [2024-09-14T21:06:01.877+0000] {dagbag.py:538} INFO - Filling up the DagBag from /opt/airflow/dags/new_dag.py
[2024-09-14T21:06:01.899+0000] {processor.py:755} WARNING - No viable dags retrieved from /opt/airflow/dags/new_dag.py
[2024-09-14T21:06:01.918+0000] {processor.py:175} INFO - Processing /opt/airflow/dags/new_dag.py took 0.047 seconds
[2024-09-14T21:06:32.549+0000] {processor.py:153} INFO - Started process (PID=33432) to work on /opt/airflow/dags/new_dag.py
[2024-09-14T21:06:32.551+0000] {processor.py:743} INFO - Processing file /opt/airflow/dags/new_dag.py for tasks to queue
[2024-09-14T21:06:32.552+0000] {logging_mixin.py:137} INFO - [2024-09-14T21:06:32.552+0000] {dagbag.py:538} INFO - Filling up the DagBag from /opt/airflow/dags/new_dag.py
[2024-09-14T21:06:32.589+0000] {processor.py:755} WARNING - No viable dags retrieved from /opt/airflow/dags/new_dag.py
[2024-09-14T21:06:32.606+0000] {processor.py:175} INFO - Processing /opt/airflow/dags/new_dag.py took 0.062 seconds
[2024-09-14T21:07:03.042+0000] {processor.py:153} INFO - Started process (PID=33503) to work on /opt/airflow/dags/new_dag.py
[2024-09-14T21:07:03.043+0000] {processor.py:743} INFO - Processing file /opt/airflow/dags/new_dag.py for tasks to queue
[2024-09-14T21:07:03.044+0000] {logging_mixin.py:137} INFO - [2024-09-14T21:07:03.044+0000] {dagbag.py:538} INFO - Filling up the DagBag from /opt/airflow/dags/new_dag.py
[2024-09-14T21:07:03.056+0000] {processor.py:755} WARNING - No viable dags retrieved from /opt/airflow/dags/new_dag.py
[2024-09-14T21:07:03.072+0000] {processor.py:175} INFO - Processing /opt/airflow/dags/new_dag.py took 0.031 seconds
[2024-09-14T21:07:33.421+0000] {processor.py:153} INFO - Started process (PID=33590) to work on /opt/airflow/dags/new_dag.py
[2024-09-14T21:07:33.425+0000] {processor.py:743} INFO - Processing file /opt/airflow/dags/new_dag.py for tasks to queue
[2024-09-14T21:07:33.427+0000] {logging_mixin.py:137} INFO - [2024-09-14T21:07:33.427+0000] {dagbag.py:538} INFO - Filling up the DagBag from /opt/airflow/dags/new_dag.py
[2024-09-14T21:07:33.479+0000] {processor.py:755} WARNING - No viable dags retrieved from /opt/airflow/dags/new_dag.py
[2024-09-14T21:07:33.519+0000] {processor.py:175} INFO - Processing /opt/airflow/dags/new_dag.py took 0.106 seconds
[2024-09-14T21:08:03.665+0000] {processor.py:153} INFO - Started process (PID=33663) to work on /opt/airflow/dags/new_dag.py
[2024-09-14T21:08:03.667+0000] {processor.py:743} INFO - Processing file /opt/airflow/dags/new_dag.py for tasks to queue
[2024-09-14T21:08:03.668+0000] {logging_mixin.py:137} INFO - [2024-09-14T21:08:03.668+0000] {dagbag.py:538} INFO - Filling up the DagBag from /opt/airflow/dags/new_dag.py
[2024-09-14T21:08:03.693+0000] {processor.py:755} WARNING - No viable dags retrieved from /opt/airflow/dags/new_dag.py
[2024-09-14T21:08:03.716+0000] {processor.py:175} INFO - Processing /opt/airflow/dags/new_dag.py took 0.056 seconds
[2024-09-14T21:08:13.706+0000] {processor.py:153} INFO - Started process (PID=33686) to work on /opt/airflow/dags/new_dag.py
[2024-09-14T21:08:13.707+0000] {processor.py:743} INFO - Processing file /opt/airflow/dags/new_dag.py for tasks to queue
[2024-09-14T21:08:13.711+0000] {logging_mixin.py:137} INFO - [2024-09-14T21:08:13.710+0000] {dagbag.py:538} INFO - Filling up the DagBag from /opt/airflow/dags/new_dag.py
[2024-09-14T21:08:13.934+0000] {processor.py:755} WARNING - No viable dags retrieved from /opt/airflow/dags/new_dag.py
[2024-09-14T21:08:14.037+0000] {processor.py:175} INFO - Processing /opt/airflow/dags/new_dag.py took 0.342 seconds
[2024-09-14T21:08:44.363+0000] {processor.py:153} INFO - Started process (PID=33768) to work on /opt/airflow/dags/new_dag.py
[2024-09-14T21:08:44.365+0000] {processor.py:743} INFO - Processing file /opt/airflow/dags/new_dag.py for tasks to queue
[2024-09-14T21:08:44.368+0000] {logging_mixin.py:137} INFO - [2024-09-14T21:08:44.367+0000] {dagbag.py:538} INFO - Filling up the DagBag from /opt/airflow/dags/new_dag.py
[2024-09-14T21:08:44.394+0000] {processor.py:755} WARNING - No viable dags retrieved from /opt/airflow/dags/new_dag.py
[2024-09-14T21:08:44.423+0000] {processor.py:175} INFO - Processing /opt/airflow/dags/new_dag.py took 0.066 seconds
[2024-09-14T21:08:47.118+0000] {processor.py:153} INFO - Started process (PID=33773) to work on /opt/airflow/dags/new_dag.py
[2024-09-14T21:08:47.119+0000] {processor.py:743} INFO - Processing file /opt/airflow/dags/new_dag.py for tasks to queue
[2024-09-14T21:08:47.120+0000] {logging_mixin.py:137} INFO - [2024-09-14T21:08:47.120+0000] {dagbag.py:538} INFO - Filling up the DagBag from /opt/airflow/dags/new_dag.py
[2024-09-14T21:08:47.154+0000] {logging_mixin.py:137} WARNING - /home/airflow/.local/lib/python3.7/site-packages/airflow/models/dag.py:3524 RemovedInAirflow3Warning: Param `schedule_interval` is deprecated and will be removed in a future release. Please use `schedule` instead.
[2024-09-14T21:08:47.168+0000] {logging_mixin.py:137} INFO - [2024-09-14T21:08:47.161+0000] {dagbag.py:343} ERROR - Failed to import: /opt/airflow/dags/new_dag.py
Traceback (most recent call last):
  File "/home/airflow/.local/lib/python3.7/site-packages/airflow/models/dagbag.py", line 339, in parse
    loader.exec_module(new_module)
  File "<frozen importlib._bootstrap_external>", line 728, in exec_module
  File "<frozen importlib._bootstrap>", line 219, in _call_with_frames_removed
  File "/opt/airflow/dags/new_dag.py", line 69, in <module>
    million_try_dag = saver_data()
  File "/home/airflow/.local/lib/python3.7/site-packages/airflow/models/dag.py", line 3541, in factory
    f(**f_kwargs)
  File "/opt/airflow/dags/new_dag.py", line 40, in saver_data
    task1_create_table = PostgresOperator(
NameError: name 'PostgresOperator' is not defined
[2024-09-14T21:08:47.175+0000] {processor.py:755} WARNING - No viable dags retrieved from /opt/airflow/dags/new_dag.py
[2024-09-14T21:08:47.217+0000] {processor.py:175} INFO - Processing /opt/airflow/dags/new_dag.py took 0.106 seconds
[2024-09-14T21:09:15.750+0000] {processor.py:153} INFO - Started process (PID=33843) to work on /opt/airflow/dags/new_dag.py
[2024-09-14T21:09:15.751+0000] {processor.py:743} INFO - Processing file /opt/airflow/dags/new_dag.py for tasks to queue
[2024-09-14T21:09:15.752+0000] {logging_mixin.py:137} INFO - [2024-09-14T21:09:15.752+0000] {dagbag.py:538} INFO - Filling up the DagBag from /opt/airflow/dags/new_dag.py
[2024-09-14T21:09:15.797+0000] {logging_mixin.py:137} WARNING - /home/airflow/.local/lib/python3.7/site-packages/airflow/models/dag.py:3524 RemovedInAirflow3Warning: Param `schedule_interval` is deprecated and will be removed in a future release. Please use `schedule` instead.
[2024-09-14T21:09:15.807+0000] {processor.py:753} INFO - DAG(s) dict_keys(['saver_data']) retrieved from /opt/airflow/dags/new_dag.py
[2024-09-14T21:09:16.099+0000] {logging_mixin.py:137} INFO - [2024-09-14T21:09:16.099+0000] {manager.py:504} INFO - Created Permission View: can delete on DAG:saver_data
[2024-09-14T21:09:16.111+0000] {logging_mixin.py:137} INFO - [2024-09-14T21:09:16.111+0000] {manager.py:504} INFO - Created Permission View: can edit on DAG:saver_data
[2024-09-14T21:09:16.116+0000] {logging_mixin.py:137} INFO - [2024-09-14T21:09:16.115+0000] {manager.py:504} INFO - Created Permission View: can read on DAG:saver_data
[2024-09-14T21:09:16.116+0000] {logging_mixin.py:137} INFO - [2024-09-14T21:09:16.116+0000] {dag.py:2676} INFO - Sync 1 DAGs
[2024-09-14T21:09:16.123+0000] {logging_mixin.py:137} INFO - [2024-09-14T21:09:16.123+0000] {dag.py:2697} INFO - Creating ORM DAG for saver_data
[2024-09-14T21:09:16.130+0000] {logging_mixin.py:137} INFO - [2024-09-14T21:09:16.130+0000] {dag.py:3427} INFO - Setting next_dagrun for saver_data to None, run_after=None
[2024-09-14T21:09:16.147+0000] {processor.py:175} INFO - Processing /opt/airflow/dags/new_dag.py took 0.402 seconds
[2024-09-14T21:09:46.278+0000] {processor.py:153} INFO - Started process (PID=33910) to work on /opt/airflow/dags/new_dag.py
[2024-09-14T21:09:46.280+0000] {processor.py:743} INFO - Processing file /opt/airflow/dags/new_dag.py for tasks to queue
[2024-09-14T21:09:46.281+0000] {logging_mixin.py:137} INFO - [2024-09-14T21:09:46.281+0000] {dagbag.py:538} INFO - Filling up the DagBag from /opt/airflow/dags/new_dag.py
[2024-09-14T21:09:46.351+0000] {logging_mixin.py:137} WARNING - /home/airflow/.local/lib/python3.7/site-packages/airflow/models/dag.py:3524 RemovedInAirflow3Warning: Param `schedule_interval` is deprecated and will be removed in a future release. Please use `schedule` instead.
[2024-09-14T21:09:46.364+0000] {processor.py:753} INFO - DAG(s) dict_keys(['saver_data']) retrieved from /opt/airflow/dags/new_dag.py
[2024-09-14T21:09:46.415+0000] {logging_mixin.py:137} INFO - [2024-09-14T21:09:46.415+0000] {dag.py:2676} INFO - Sync 1 DAGs
[2024-09-14T21:09:46.437+0000] {logging_mixin.py:137} INFO - [2024-09-14T21:09:46.437+0000] {dag.py:3427} INFO - Setting next_dagrun for saver_data to None, run_after=None
[2024-09-14T21:09:46.454+0000] {processor.py:175} INFO - Processing /opt/airflow/dags/new_dag.py took 0.183 seconds
[2024-09-14T21:09:52.078+0000] {processor.py:153} INFO - Started process (PID=33939) to work on /opt/airflow/dags/new_dag.py
[2024-09-14T21:09:52.080+0000] {processor.py:743} INFO - Processing file /opt/airflow/dags/new_dag.py for tasks to queue
[2024-09-14T21:09:52.081+0000] {logging_mixin.py:137} INFO - [2024-09-14T21:09:52.081+0000] {dagbag.py:538} INFO - Filling up the DagBag from /opt/airflow/dags/new_dag.py
[2024-09-14T21:09:52.153+0000] {logging_mixin.py:137} WARNING - /home/airflow/.local/lib/python3.7/site-packages/airflow/models/dag.py:3524 RemovedInAirflow3Warning: Param `schedule_interval` is deprecated and will be removed in a future release. Please use `schedule` instead.
[2024-09-14T21:09:52.165+0000] {processor.py:753} INFO - DAG(s) dict_keys(['saver_data']) retrieved from /opt/airflow/dags/new_dag.py
[2024-09-14T21:09:52.273+0000] {logging_mixin.py:137} INFO - [2024-09-14T21:09:52.273+0000] {dag.py:2676} INFO - Sync 1 DAGs
[2024-09-14T21:09:52.651+0000] {logging_mixin.py:137} INFO - [2024-09-14T21:09:52.650+0000] {dag.py:3427} INFO - Setting next_dagrun for saver_data to None, run_after=None
[2024-09-14T21:09:52.703+0000] {processor.py:175} INFO - Processing /opt/airflow/dags/new_dag.py took 0.634 seconds
[2024-09-14T21:10:23.802+0000] {processor.py:153} INFO - Started process (PID=34017) to work on /opt/airflow/dags/new_dag.py
[2024-09-14T21:10:23.807+0000] {processor.py:743} INFO - Processing file /opt/airflow/dags/new_dag.py for tasks to queue
[2024-09-14T21:10:23.810+0000] {logging_mixin.py:137} INFO - [2024-09-14T21:10:23.810+0000] {dagbag.py:538} INFO - Filling up the DagBag from /opt/airflow/dags/new_dag.py
[2024-09-14T21:10:23.899+0000] {logging_mixin.py:137} WARNING - /home/airflow/.local/lib/python3.7/site-packages/airflow/models/dag.py:3524 RemovedInAirflow3Warning: Param `schedule_interval` is deprecated and will be removed in a future release. Please use `schedule` instead.
[2024-09-14T21:10:23.921+0000] {processor.py:753} INFO - DAG(s) dict_keys(['saver_data']) retrieved from /opt/airflow/dags/new_dag.py
[2024-09-14T21:10:24.074+0000] {logging_mixin.py:137} INFO - [2024-09-14T21:10:24.074+0000] {dag.py:2676} INFO - Sync 1 DAGs
[2024-09-14T21:10:24.512+0000] {logging_mixin.py:137} INFO - [2024-09-14T21:10:24.512+0000] {dag.py:3427} INFO - Setting next_dagrun for saver_data to None, run_after=None
[2024-09-14T21:10:24.525+0000] {processor.py:175} INFO - Processing /opt/airflow/dags/new_dag.py took 0.740 seconds
[2024-09-14T21:10:54.895+0000] {processor.py:153} INFO - Started process (PID=34100) to work on /opt/airflow/dags/new_dag.py
[2024-09-14T21:10:54.897+0000] {processor.py:743} INFO - Processing file /opt/airflow/dags/new_dag.py for tasks to queue
[2024-09-14T21:10:54.902+0000] {logging_mixin.py:137} INFO - [2024-09-14T21:10:54.901+0000] {dagbag.py:538} INFO - Filling up the DagBag from /opt/airflow/dags/new_dag.py
[2024-09-14T21:10:55.025+0000] {logging_mixin.py:137} WARNING - /home/airflow/.local/lib/python3.7/site-packages/airflow/models/dag.py:3524 RemovedInAirflow3Warning: Param `schedule_interval` is deprecated and will be removed in a future release. Please use `schedule` instead.
[2024-09-14T21:10:55.040+0000] {processor.py:753} INFO - DAG(s) dict_keys(['saver_data']) retrieved from /opt/airflow/dags/new_dag.py
[2024-09-14T21:10:55.123+0000] {logging_mixin.py:137} INFO - [2024-09-14T21:10:55.123+0000] {dag.py:2676} INFO - Sync 1 DAGs
[2024-09-14T21:10:55.566+0000] {logging_mixin.py:137} INFO - [2024-09-14T21:10:55.566+0000] {dag.py:3427} INFO - Setting next_dagrun for saver_data to None, run_after=None
[2024-09-14T21:10:55.590+0000] {processor.py:175} INFO - Processing /opt/airflow/dags/new_dag.py took 0.714 seconds
[2024-09-14T21:11:26.181+0000] {processor.py:153} INFO - Started process (PID=34172) to work on /opt/airflow/dags/new_dag.py
[2024-09-14T21:11:26.184+0000] {processor.py:743} INFO - Processing file /opt/airflow/dags/new_dag.py for tasks to queue
[2024-09-14T21:11:26.185+0000] {logging_mixin.py:137} INFO - [2024-09-14T21:11:26.185+0000] {dagbag.py:538} INFO - Filling up the DagBag from /opt/airflow/dags/new_dag.py
[2024-09-14T21:11:26.247+0000] {logging_mixin.py:137} WARNING - /home/airflow/.local/lib/python3.7/site-packages/airflow/models/dag.py:3524 RemovedInAirflow3Warning: Param `schedule_interval` is deprecated and will be removed in a future release. Please use `schedule` instead.
[2024-09-14T21:11:26.264+0000] {processor.py:753} INFO - DAG(s) dict_keys(['saver_data']) retrieved from /opt/airflow/dags/new_dag.py
[2024-09-14T21:11:26.316+0000] {logging_mixin.py:137} INFO - [2024-09-14T21:11:26.316+0000] {dag.py:2676} INFO - Sync 1 DAGs
[2024-09-14T21:11:26.338+0000] {logging_mixin.py:137} INFO - [2024-09-14T21:11:26.338+0000] {dag.py:3427} INFO - Setting next_dagrun for saver_data to None, run_after=None
[2024-09-14T21:11:26.359+0000] {processor.py:175} INFO - Processing /opt/airflow/dags/new_dag.py took 0.211 seconds
[2024-09-14T21:11:57.005+0000] {processor.py:153} INFO - Started process (PID=34261) to work on /opt/airflow/dags/new_dag.py
[2024-09-14T21:11:57.008+0000] {processor.py:743} INFO - Processing file /opt/airflow/dags/new_dag.py for tasks to queue
[2024-09-14T21:11:57.009+0000] {logging_mixin.py:137} INFO - [2024-09-14T21:11:57.009+0000] {dagbag.py:538} INFO - Filling up the DagBag from /opt/airflow/dags/new_dag.py
[2024-09-14T21:11:57.086+0000] {logging_mixin.py:137} WARNING - /home/airflow/.local/lib/python3.7/site-packages/airflow/models/dag.py:3524 RemovedInAirflow3Warning: Param `schedule_interval` is deprecated and will be removed in a future release. Please use `schedule` instead.
[2024-09-14T21:11:57.095+0000] {processor.py:753} INFO - DAG(s) dict_keys(['saver_data']) retrieved from /opt/airflow/dags/new_dag.py
[2024-09-14T21:11:57.123+0000] {logging_mixin.py:137} INFO - [2024-09-14T21:11:57.123+0000] {dag.py:2676} INFO - Sync 1 DAGs
[2024-09-14T21:11:57.153+0000] {logging_mixin.py:137} INFO - [2024-09-14T21:11:57.153+0000] {dag.py:3427} INFO - Setting next_dagrun for saver_data to None, run_after=None
[2024-09-14T21:11:57.171+0000] {processor.py:175} INFO - Processing /opt/airflow/dags/new_dag.py took 0.178 seconds
[2024-09-14T21:12:25.543+0000] {processor.py:153} INFO - Started process (PID=34334) to work on /opt/airflow/dags/new_dag.py
[2024-09-14T21:12:25.546+0000] {processor.py:743} INFO - Processing file /opt/airflow/dags/new_dag.py for tasks to queue
[2024-09-14T21:12:25.547+0000] {logging_mixin.py:137} INFO - [2024-09-14T21:12:25.547+0000] {dagbag.py:538} INFO - Filling up the DagBag from /opt/airflow/dags/new_dag.py
[2024-09-14T21:12:25.779+0000] {logging_mixin.py:137} WARNING - /home/airflow/.local/lib/python3.7/site-packages/airflow/models/dag.py:3524 RemovedInAirflow3Warning: Param `schedule_interval` is deprecated and will be removed in a future release. Please use `schedule` instead.
[2024-09-14T21:12:25.823+0000] {processor.py:753} INFO - DAG(s) dict_keys(['saver_data']) retrieved from /opt/airflow/dags/new_dag.py
[2024-09-14T21:12:26.067+0000] {logging_mixin.py:137} INFO - [2024-09-14T21:12:26.066+0000] {dag.py:2676} INFO - Sync 1 DAGs
[2024-09-14T21:12:26.605+0000] {logging_mixin.py:137} INFO - [2024-09-14T21:12:26.605+0000] {dag.py:3427} INFO - Setting next_dagrun for saver_data to None, run_after=None
[2024-09-14T21:12:26.648+0000] {processor.py:175} INFO - Processing /opt/airflow/dags/new_dag.py took 1.110 seconds
[2024-09-14T21:12:56.873+0000] {processor.py:153} INFO - Started process (PID=34423) to work on /opt/airflow/dags/new_dag.py
[2024-09-14T21:12:56.875+0000] {processor.py:743} INFO - Processing file /opt/airflow/dags/new_dag.py for tasks to queue
[2024-09-14T21:12:56.876+0000] {logging_mixin.py:137} INFO - [2024-09-14T21:12:56.875+0000] {dagbag.py:538} INFO - Filling up the DagBag from /opt/airflow/dags/new_dag.py
[2024-09-14T21:12:56.923+0000] {logging_mixin.py:137} WARNING - /home/airflow/.local/lib/python3.7/site-packages/airflow/models/dag.py:3524 RemovedInAirflow3Warning: Param `schedule_interval` is deprecated and will be removed in a future release. Please use `schedule` instead.
[2024-09-14T21:12:57.131+0000] {processor.py:753} INFO - DAG(s) dict_keys(['saver_data']) retrieved from /opt/airflow/dags/new_dag.py
[2024-09-14T21:12:57.660+0000] {logging_mixin.py:137} INFO - [2024-09-14T21:12:57.659+0000] {dag.py:2676} INFO - Sync 1 DAGs
[2024-09-14T21:12:59.602+0000] {logging_mixin.py:137} INFO - [2024-09-14T21:12:59.601+0000] {dag.py:3427} INFO - Setting next_dagrun for saver_data to None, run_after=None
[2024-09-14T21:12:59.637+0000] {processor.py:175} INFO - Processing /opt/airflow/dags/new_dag.py took 2.769 seconds
[2024-09-14T21:13:29.947+0000] {processor.py:153} INFO - Started process (PID=34496) to work on /opt/airflow/dags/new_dag.py
[2024-09-14T21:13:29.950+0000] {processor.py:743} INFO - Processing file /opt/airflow/dags/new_dag.py for tasks to queue
[2024-09-14T21:13:29.952+0000] {logging_mixin.py:137} INFO - [2024-09-14T21:13:29.951+0000] {dagbag.py:538} INFO - Filling up the DagBag from /opt/airflow/dags/new_dag.py
[2024-09-14T21:13:29.997+0000] {logging_mixin.py:137} WARNING - /home/airflow/.local/lib/python3.7/site-packages/airflow/models/dag.py:3524 RemovedInAirflow3Warning: Param `schedule_interval` is deprecated and will be removed in a future release. Please use `schedule` instead.
[2024-09-14T21:13:30.009+0000] {processor.py:753} INFO - DAG(s) dict_keys(['saver_data']) retrieved from /opt/airflow/dags/new_dag.py
[2024-09-14T21:13:30.055+0000] {logging_mixin.py:137} INFO - [2024-09-14T21:13:30.055+0000] {dag.py:2676} INFO - Sync 1 DAGs
[2024-09-14T21:13:30.073+0000] {logging_mixin.py:137} INFO - [2024-09-14T21:13:30.073+0000] {dag.py:3427} INFO - Setting next_dagrun for saver_data to None, run_after=None
[2024-09-14T21:13:30.084+0000] {processor.py:175} INFO - Processing /opt/airflow/dags/new_dag.py took 0.151 seconds
[2024-09-14T21:14:00.278+0000] {processor.py:153} INFO - Started process (PID=34584) to work on /opt/airflow/dags/new_dag.py
[2024-09-14T21:14:00.280+0000] {processor.py:743} INFO - Processing file /opt/airflow/dags/new_dag.py for tasks to queue
[2024-09-14T21:14:00.282+0000] {logging_mixin.py:137} INFO - [2024-09-14T21:14:00.282+0000] {dagbag.py:538} INFO - Filling up the DagBag from /opt/airflow/dags/new_dag.py
[2024-09-14T21:14:00.336+0000] {logging_mixin.py:137} WARNING - /home/airflow/.local/lib/python3.7/site-packages/airflow/models/dag.py:3524 RemovedInAirflow3Warning: Param `schedule_interval` is deprecated and will be removed in a future release. Please use `schedule` instead.
[2024-09-14T21:14:00.352+0000] {processor.py:753} INFO - DAG(s) dict_keys(['saver_data']) retrieved from /opt/airflow/dags/new_dag.py
[2024-09-14T21:14:00.410+0000] {logging_mixin.py:137} INFO - [2024-09-14T21:14:00.410+0000] {dag.py:2676} INFO - Sync 1 DAGs
[2024-09-14T21:14:00.443+0000] {logging_mixin.py:137} INFO - [2024-09-14T21:14:00.443+0000] {dag.py:3427} INFO - Setting next_dagrun for saver_data to None, run_after=None
[2024-09-14T21:14:00.482+0000] {processor.py:175} INFO - Processing /opt/airflow/dags/new_dag.py took 0.215 seconds
[2024-09-14T21:14:21.526+0000] {processor.py:153} INFO - Started process (PID=34627) to work on /opt/airflow/dags/new_dag.py
[2024-09-14T21:14:21.529+0000] {processor.py:743} INFO - Processing file /opt/airflow/dags/new_dag.py for tasks to queue
[2024-09-14T21:14:21.530+0000] {logging_mixin.py:137} INFO - [2024-09-14T21:14:21.529+0000] {dagbag.py:538} INFO - Filling up the DagBag from /opt/airflow/dags/new_dag.py
[2024-09-14T21:14:21.601+0000] {logging_mixin.py:137} WARNING - /home/airflow/.local/lib/python3.7/site-packages/airflow/models/dag.py:3524 RemovedInAirflow3Warning: Param `schedule_interval` is deprecated and will be removed in a future release. Please use `schedule` instead.
[2024-09-14T21:14:21.633+0000] {processor.py:753} INFO - DAG(s) dict_keys(['saver_data']) retrieved from /opt/airflow/dags/new_dag.py
[2024-09-14T21:14:22.093+0000] {logging_mixin.py:137} INFO - [2024-09-14T21:14:22.093+0000] {dag.py:2676} INFO - Sync 1 DAGs
[2024-09-14T21:14:22.106+0000] {logging_mixin.py:137} INFO - [2024-09-14T21:14:22.106+0000] {dag.py:3427} INFO - Setting next_dagrun for saver_data to 2024-09-15T00:00:00+00:00, run_after=2024-09-16T00:00:00+00:00
[2024-09-14T21:14:22.118+0000] {processor.py:175} INFO - Processing /opt/airflow/dags/new_dag.py took 0.598 seconds
[2024-09-14T21:14:52.341+0000] {processor.py:153} INFO - Started process (PID=34708) to work on /opt/airflow/dags/new_dag.py
[2024-09-14T21:14:52.343+0000] {processor.py:743} INFO - Processing file /opt/airflow/dags/new_dag.py for tasks to queue
[2024-09-14T21:14:52.346+0000] {logging_mixin.py:137} INFO - [2024-09-14T21:14:52.346+0000] {dagbag.py:538} INFO - Filling up the DagBag from /opt/airflow/dags/new_dag.py
[2024-09-14T21:14:52.391+0000] {logging_mixin.py:137} WARNING - /home/airflow/.local/lib/python3.7/site-packages/airflow/models/dag.py:3524 RemovedInAirflow3Warning: Param `schedule_interval` is deprecated and will be removed in a future release. Please use `schedule` instead.
[2024-09-14T21:14:52.415+0000] {processor.py:753} INFO - DAG(s) dict_keys(['saver_data']) retrieved from /opt/airflow/dags/new_dag.py
[2024-09-14T21:14:52.456+0000] {logging_mixin.py:137} INFO - [2024-09-14T21:14:52.456+0000] {dag.py:2676} INFO - Sync 1 DAGs
[2024-09-14T21:14:53.708+0000] {logging_mixin.py:137} INFO - [2024-09-14T21:14:53.708+0000] {dag.py:3427} INFO - Setting next_dagrun for saver_data to 2024-09-15T00:00:00+00:00, run_after=2024-09-16T00:00:00+00:00
[2024-09-14T21:14:53.751+0000] {processor.py:175} INFO - Processing /opt/airflow/dags/new_dag.py took 1.424 seconds
[2024-09-14T21:15:23.974+0000] {processor.py:153} INFO - Started process (PID=34790) to work on /opt/airflow/dags/new_dag.py
[2024-09-14T21:15:23.975+0000] {processor.py:743} INFO - Processing file /opt/airflow/dags/new_dag.py for tasks to queue
[2024-09-14T21:15:23.975+0000] {logging_mixin.py:137} INFO - [2024-09-14T21:15:23.975+0000] {dagbag.py:538} INFO - Filling up the DagBag from /opt/airflow/dags/new_dag.py
[2024-09-14T21:15:24.006+0000] {logging_mixin.py:137} WARNING - /home/airflow/.local/lib/python3.7/site-packages/airflow/models/dag.py:3524 RemovedInAirflow3Warning: Param `schedule_interval` is deprecated and will be removed in a future release. Please use `schedule` instead.
[2024-09-14T21:15:24.021+0000] {processor.py:753} INFO - DAG(s) dict_keys(['saver_data']) retrieved from /opt/airflow/dags/new_dag.py
[2024-09-14T21:15:24.169+0000] {logging_mixin.py:137} INFO - [2024-09-14T21:15:24.169+0000] {dag.py:2676} INFO - Sync 1 DAGs
[2024-09-14T21:15:24.183+0000] {logging_mixin.py:137} INFO - [2024-09-14T21:15:24.183+0000] {dag.py:3427} INFO - Setting next_dagrun for saver_data to 2024-09-15T00:00:00+00:00, run_after=2024-09-16T00:00:00+00:00
[2024-09-14T21:15:24.192+0000] {processor.py:175} INFO - Processing /opt/airflow/dags/new_dag.py took 0.222 seconds
[2024-09-14T21:15:54.339+0000] {processor.py:153} INFO - Started process (PID=34862) to work on /opt/airflow/dags/new_dag.py
[2024-09-14T21:15:54.340+0000] {processor.py:743} INFO - Processing file /opt/airflow/dags/new_dag.py for tasks to queue
[2024-09-14T21:15:54.342+0000] {logging_mixin.py:137} INFO - [2024-09-14T21:15:54.342+0000] {dagbag.py:538} INFO - Filling up the DagBag from /opt/airflow/dags/new_dag.py
[2024-09-14T21:15:54.377+0000] {logging_mixin.py:137} WARNING - /home/airflow/.local/lib/python3.7/site-packages/airflow/models/dag.py:3524 RemovedInAirflow3Warning: Param `schedule_interval` is deprecated and will be removed in a future release. Please use `schedule` instead.
[2024-09-14T21:15:54.388+0000] {processor.py:753} INFO - DAG(s) dict_keys(['saver_data']) retrieved from /opt/airflow/dags/new_dag.py
[2024-09-14T21:15:54.419+0000] {logging_mixin.py:137} INFO - [2024-09-14T21:15:54.419+0000] {dag.py:2676} INFO - Sync 1 DAGs
[2024-09-14T21:15:54.437+0000] {logging_mixin.py:137} INFO - [2024-09-14T21:15:54.437+0000] {dag.py:3427} INFO - Setting next_dagrun for saver_data to 2024-09-15T00:00:00+00:00, run_after=2024-09-16T00:00:00+00:00
[2024-09-14T21:15:54.454+0000] {processor.py:175} INFO - Processing /opt/airflow/dags/new_dag.py took 0.124 seconds
