[2024-09-15T07:27:27.754+0000] {taskinstance.py:1087} INFO - Dependencies all met for <TaskInstance: save_city_info_weather_v01.save_city_info_weather manual__2024-09-15T07:27:26.605635+00:00 [queued]>
[2024-09-15T07:27:27.759+0000] {taskinstance.py:1087} INFO - Dependencies all met for <TaskInstance: save_city_info_weather_v01.save_city_info_weather manual__2024-09-15T07:27:26.605635+00:00 [queued]>
[2024-09-15T07:27:27.760+0000] {taskinstance.py:1283} INFO - 
--------------------------------------------------------------------------------
[2024-09-15T07:27:27.760+0000] {taskinstance.py:1284} INFO - Starting attempt 1 of 6
[2024-09-15T07:27:27.760+0000] {taskinstance.py:1285} INFO - 
--------------------------------------------------------------------------------
[2024-09-15T07:27:27.767+0000] {taskinstance.py:1304} INFO - Executing <Task(PostgresOperator): save_city_info_weather> on 2024-09-15 07:27:26.605635+00:00
[2024-09-15T07:27:27.770+0000] {standard_task_runner.py:55} INFO - Started process 3519 to run task
[2024-09-15T07:27:27.773+0000] {standard_task_runner.py:82} INFO - Running: ['***', 'tasks', 'run', 'save_city_info_weather_v01', 'save_city_info_weather', 'manual__2024-09-15T07:27:26.605635+00:00', '--job-id', '324', '--raw', '--subdir', 'DAGS_FOLDER/saver_info.py', '--cfg-path', '/tmp/tmpp9ix6jyj']
[2024-09-15T07:27:27.773+0000] {standard_task_runner.py:83} INFO - Job 324: Subtask save_city_info_weather
[2024-09-15T07:27:27.820+0000] {task_command.py:389} INFO - Running <TaskInstance: save_city_info_weather_v01.save_city_info_weather manual__2024-09-15T07:27:26.605635+00:00 [running]> on host 0c5fe11d0c9c
[2024-09-15T07:27:27.857+0000] {taskinstance.py:1513} INFO - Exporting the following env vars:
AIRFLOW_CTX_DAG_OWNER=me
AIRFLOW_CTX_DAG_ID=save_city_info_weather_v01
AIRFLOW_CTX_TASK_ID=save_city_info_weather
AIRFLOW_CTX_EXECUTION_DATE=2024-09-15T07:27:26.605635+00:00
AIRFLOW_CTX_TRY_NUMBER=1
AIRFLOW_CTX_DAG_RUN_ID=manual__2024-09-15T07:27:26.605635+00:00
[2024-09-15T07:27:27.858+0000] {sql.py:253} INFO - Executing: 
            create table if not exists weathers (
                id serial PRIMARY KEY ,
                city_name VARCHAR,
                max_temp VARCHAR,
                min_temp VARCHAR,
                wind VARCHAR,
                descript VARCHAR
            )
        
[2024-09-15T07:27:27.862+0000] {base.py:73} INFO - Using connection ID 'postgres_localhost' for task execution.
[2024-09-15T07:27:27.976+0000] {base.py:73} INFO - Using connection ID 'postgres_localhost' for task execution.
[2024-09-15T07:27:27.990+0000] {sql.py:364} INFO - Running statement: 
            create table if not exists weathers (
                id serial PRIMARY KEY ,
                city_name VARCHAR,
                max_temp VARCHAR,
                min_temp VARCHAR,
                wind VARCHAR,
                descript VARCHAR
            )
        , parameters: None
[2024-09-15T07:27:28.009+0000] {taskinstance.py:1327} INFO - Marking task as SUCCESS. dag_id=save_city_info_weather_v01, task_id=save_city_info_weather, execution_date=20240915T072726, start_date=20240915T072727, end_date=20240915T072728
[2024-09-15T07:27:28.037+0000] {local_task_job.py:159} INFO - Task exited with return code 0
[2024-09-15T07:27:28.058+0000] {taskinstance.py:2582} INFO - 1 downstream tasks scheduled from follow-on schedule check
