[2024-09-14T18:10:10.220+0000] {taskinstance.py:1087} INFO - Dependencies all met for <TaskInstance: save_city_info_weather.save_city_info_weather manual__2024-09-14T18:05:07.388555+00:00 [queued]>
[2024-09-14T18:10:10.227+0000] {taskinstance.py:1087} INFO - Dependencies all met for <TaskInstance: save_city_info_weather.save_city_info_weather manual__2024-09-14T18:05:07.388555+00:00 [queued]>
[2024-09-14T18:10:10.228+0000] {taskinstance.py:1283} INFO - 
--------------------------------------------------------------------------------
[2024-09-14T18:10:10.228+0000] {taskinstance.py:1284} INFO - Starting attempt 2 of 6
[2024-09-14T18:10:10.228+0000] {taskinstance.py:1285} INFO - 
--------------------------------------------------------------------------------
[2024-09-14T18:10:10.237+0000] {taskinstance.py:1304} INFO - Executing <Task(PostgresOperator): save_city_info_weather> on 2024-09-14 18:05:07.388555+00:00
[2024-09-14T18:10:10.242+0000] {standard_task_runner.py:55} INFO - Started process 2971 to run task
[2024-09-14T18:10:10.247+0000] {standard_task_runner.py:82} INFO - Running: ['***', 'tasks', 'run', 'save_city_info_weather', 'save_city_info_weather', 'manual__2024-09-14T18:05:07.388555+00:00', '--job-id', '60', '--raw', '--subdir', 'DAGS_FOLDER/saver_info.py', '--cfg-path', '/tmp/tmpi5plrkpa']
[2024-09-14T18:10:10.248+0000] {standard_task_runner.py:83} INFO - Job 60: Subtask save_city_info_weather
[2024-09-14T18:10:10.286+0000] {task_command.py:389} INFO - Running <TaskInstance: save_city_info_weather.save_city_info_weather manual__2024-09-14T18:05:07.388555+00:00 [running]> on host 0c5fe11d0c9c
[2024-09-14T18:10:10.323+0000] {taskinstance.py:1513} INFO - Exporting the following env vars:
AIRFLOW_CTX_DAG_OWNER=me
AIRFLOW_CTX_DAG_ID=save_city_info_weather
AIRFLOW_CTX_TASK_ID=save_city_info_weather
AIRFLOW_CTX_EXECUTION_DATE=2024-09-14T18:05:07.388555+00:00
AIRFLOW_CTX_TRY_NUMBER=2
AIRFLOW_CTX_DAG_RUN_ID=manual__2024-09-14T18:05:07.388555+00:00
[2024-09-14T18:10:10.324+0000] {sql.py:253} INFO - Executing: 
            create table if not exists weathers (
                id INTEGER PRIMARY KEY,
                city_name VARCHAR(50),
                max_temp VARCHAR(7),
                min_temp VARCHAR(7),
                wind VARCHAR(50),
                description VARCHAR(15)
            )
        
[2024-09-14T18:10:10.330+0000] {base.py:73} INFO - Using connection ID 'postgres_localhost' for task execution.
[2024-09-14T18:10:10.442+0000] {base.py:73} INFO - Using connection ID 'postgres_localhost' for task execution.
[2024-09-14T18:10:10.456+0000] {sql.py:364} INFO - Running statement: 
            create table if not exists weathers (
                id INTEGER PRIMARY KEY,
                city_name VARCHAR(50),
                max_temp VARCHAR(7),
                min_temp VARCHAR(7),
                wind VARCHAR(50),
                description VARCHAR(15)
            )
        , parameters: None
[2024-09-14T18:10:10.468+0000] {taskinstance.py:1327} INFO - Marking task as SUCCESS. dag_id=save_city_info_weather, task_id=save_city_info_weather, execution_date=20240914T180507, start_date=20240914T181010, end_date=20240914T181010
[2024-09-14T18:10:10.509+0000] {local_task_job.py:159} INFO - Task exited with return code 0
[2024-09-14T18:10:10.527+0000] {taskinstance.py:2582} INFO - 0 downstream tasks scheduled from follow-on schedule check
