[2024-09-14T19:46:42.092+0000] {taskinstance.py:1087} INFO - Dependencies all met for <TaskInstance: save_city_info_weather_v01.save_city_info_weather manual__2024-09-14T19:46:40.019491+00:00 [queued]>
[2024-09-14T19:46:42.102+0000] {taskinstance.py:1087} INFO - Dependencies all met for <TaskInstance: save_city_info_weather_v01.save_city_info_weather manual__2024-09-14T19:46:40.019491+00:00 [queued]>
[2024-09-14T19:46:42.103+0000] {taskinstance.py:1283} INFO - 
--------------------------------------------------------------------------------
[2024-09-14T19:46:42.103+0000] {taskinstance.py:1284} INFO - Starting attempt 1 of 6
[2024-09-14T19:46:42.103+0000] {taskinstance.py:1285} INFO - 
--------------------------------------------------------------------------------
[2024-09-14T19:46:42.125+0000] {taskinstance.py:1304} INFO - Executing <Task(PostgresOperator): save_city_info_weather> on 2024-09-14 19:46:40.019491+00:00
[2024-09-14T19:46:42.135+0000] {standard_task_runner.py:55} INFO - Started process 11129 to run task
[2024-09-14T19:46:42.143+0000] {standard_task_runner.py:82} INFO - Running: ['***', 'tasks', 'run', 'save_city_info_weather_v01', 'save_city_info_weather', 'manual__2024-09-14T19:46:40.019491+00:00', '--job-id', '147', '--raw', '--subdir', 'DAGS_FOLDER/saver_info.py', '--cfg-path', '/tmp/tmpnujtaekk']
[2024-09-14T19:46:42.144+0000] {standard_task_runner.py:83} INFO - Job 147: Subtask save_city_info_weather
[2024-09-14T19:46:42.257+0000] {task_command.py:389} INFO - Running <TaskInstance: save_city_info_weather_v01.save_city_info_weather manual__2024-09-14T19:46:40.019491+00:00 [running]> on host 0c5fe11d0c9c
[2024-09-14T19:46:42.349+0000] {taskinstance.py:1513} INFO - Exporting the following env vars:
AIRFLOW_CTX_DAG_OWNER=me
AIRFLOW_CTX_DAG_ID=save_city_info_weather_v01
AIRFLOW_CTX_TASK_ID=save_city_info_weather
AIRFLOW_CTX_EXECUTION_DATE=2024-09-14T19:46:40.019491+00:00
AIRFLOW_CTX_TRY_NUMBER=1
AIRFLOW_CTX_DAG_RUN_ID=manual__2024-09-14T19:46:40.019491+00:00
[2024-09-14T19:46:42.352+0000] {sql.py:253} INFO - Executing: 
            create table if not exists weathers (
                id INTEGER PRIMARY KEY,
                city_name VARCHAR(50),
                max_temp VARCHAR(7),
                min_temp VARCHAR(7),
                wind VARCHAR(50),
                description VARCHAR(15)
            )
        
[2024-09-14T19:46:42.362+0000] {base.py:73} INFO - Using connection ID 'postgres_localhost' for task execution.
[2024-09-14T19:46:42.636+0000] {base.py:73} INFO - Using connection ID 'postgres_localhost' for task execution.
[2024-09-14T19:46:42.696+0000] {sql.py:364} INFO - Running statement: 
            create table if not exists weathers (
                id INTEGER PRIMARY KEY,
                city_name VARCHAR(50),
                max_temp VARCHAR(7),
                min_temp VARCHAR(7),
                wind VARCHAR(50),
                description VARCHAR(15)
            )
        , parameters: None
[2024-09-14T19:46:42.720+0000] {taskinstance.py:1327} INFO - Marking task as SUCCESS. dag_id=save_city_info_weather_v01, task_id=save_city_info_weather, execution_date=20240914T194640, start_date=20240914T194642, end_date=20240914T194642
[2024-09-14T19:46:42.866+0000] {local_task_job.py:159} INFO - Task exited with return code 0
[2024-09-14T19:46:42.957+0000] {taskinstance.py:2582} INFO - 1 downstream tasks scheduled from follow-on schedule check
