[2024-09-15T06:52:55.502+0000] {taskinstance.py:1087} INFO - Dependencies all met for <TaskInstance: save_city_info_weather_v01.fetcher_data manual__2024-09-15T06:47:50.109962+00:00 [queued]>
[2024-09-15T06:52:55.553+0000] {taskinstance.py:1087} INFO - Dependencies all met for <TaskInstance: save_city_info_weather_v01.fetcher_data manual__2024-09-15T06:47:50.109962+00:00 [queued]>
[2024-09-15T06:52:55.558+0000] {taskinstance.py:1283} INFO - 
--------------------------------------------------------------------------------
[2024-09-15T06:52:55.559+0000] {taskinstance.py:1284} INFO - Starting attempt 1 of 6
[2024-09-15T06:52:55.561+0000] {taskinstance.py:1285} INFO - 
--------------------------------------------------------------------------------
[2024-09-15T06:52:55.596+0000] {taskinstance.py:1304} INFO - Executing <Task(PythonOperator): fetcher_data> on 2024-09-15 06:47:50.109962+00:00
[2024-09-15T06:52:55.626+0000] {standard_task_runner.py:55} INFO - Started process 606 to run task
[2024-09-15T06:52:55.636+0000] {standard_task_runner.py:82} INFO - Running: ['***', 'tasks', 'run', 'save_city_info_weather_v01', 'fetcher_data', 'manual__2024-09-15T06:47:50.109962+00:00', '--job-id', '316', '--raw', '--subdir', 'DAGS_FOLDER/saver_info.py', '--cfg-path', '/tmp/tmp83lh3iho']
[2024-09-15T06:52:55.637+0000] {standard_task_runner.py:83} INFO - Job 316: Subtask fetcher_data
[2024-09-15T06:52:55.809+0000] {task_command.py:389} INFO - Running <TaskInstance: save_city_info_weather_v01.fetcher_data manual__2024-09-15T06:47:50.109962+00:00 [running]> on host 0c5fe11d0c9c
[2024-09-15T06:52:56.021+0000] {taskinstance.py:1513} INFO - Exporting the following env vars:
AIRFLOW_CTX_DAG_OWNER=me
AIRFLOW_CTX_DAG_ID=save_city_info_weather_v01
AIRFLOW_CTX_TASK_ID=fetcher_data
AIRFLOW_CTX_EXECUTION_DATE=2024-09-15T06:47:50.109962+00:00
AIRFLOW_CTX_TRY_NUMBER=1
AIRFLOW_CTX_DAG_RUN_ID=manual__2024-09-15T06:47:50.109962+00:00
[2024-09-15T06:53:03.195+0000] {python.py:177} INFO - Done. Returned value was: None
[2024-09-15T06:53:03.204+0000] {taskinstance.py:1327} INFO - Marking task as SUCCESS. dag_id=save_city_info_weather_v01, task_id=fetcher_data, execution_date=20240915T064750, start_date=20240915T065255, end_date=20240915T065303
[2024-09-15T06:53:03.265+0000] {local_task_job.py:159} INFO - Task exited with return code 0
[2024-09-15T06:53:03.315+0000] {taskinstance.py:2582} INFO - 1 downstream tasks scheduled from follow-on schedule check
