[2024-09-14T16:43:21.106+0000] {taskinstance.py:1087} INFO - Dependencies all met for <TaskInstance: my_first_dag.transform manual__2024-09-14T16:43:16.259159+00:00 [queued]>
[2024-09-14T16:43:21.115+0000] {taskinstance.py:1087} INFO - Dependencies all met for <TaskInstance: my_first_dag.transform manual__2024-09-14T16:43:16.259159+00:00 [queued]>
[2024-09-14T16:43:21.115+0000] {taskinstance.py:1283} INFO - 
--------------------------------------------------------------------------------
[2024-09-14T16:43:21.116+0000] {taskinstance.py:1284} INFO - Starting attempt 1 of 1
[2024-09-14T16:43:21.116+0000] {taskinstance.py:1285} INFO - 
--------------------------------------------------------------------------------
[2024-09-14T16:43:21.127+0000] {taskinstance.py:1304} INFO - Executing <Task(_PythonDecoratedOperator): transform> on 2024-09-14 16:43:16.259159+00:00
[2024-09-14T16:43:21.130+0000] {standard_task_runner.py:55} INFO - Started process 3966 to run task
[2024-09-14T16:43:21.134+0000] {standard_task_runner.py:82} INFO - Running: ['***', 'tasks', 'run', 'my_first_dag', 'transform', 'manual__2024-09-14T16:43:16.259159+00:00', '--job-id', '37', '--raw', '--subdir', 'DAGS_FOLDER/first_dag.py', '--cfg-path', '/tmp/tmpqtgk2z2w']
[2024-09-14T16:43:21.135+0000] {standard_task_runner.py:83} INFO - Job 37: Subtask transform
[2024-09-14T16:43:21.218+0000] {task_command.py:389} INFO - Running <TaskInstance: my_first_dag.transform manual__2024-09-14T16:43:16.259159+00:00 [running]> on host 769272fb41c3
[2024-09-14T16:43:21.304+0000] {taskinstance.py:1513} INFO - Exporting the following env vars:
AIRFLOW_CTX_DAG_OWNER=***
AIRFLOW_CTX_DAG_ID=my_first_dag
AIRFLOW_CTX_TASK_ID=transform
AIRFLOW_CTX_EXECUTION_DATE=2024-09-14T16:43:16.259159+00:00
AIRFLOW_CTX_TRY_NUMBER=1
AIRFLOW_CTX_DAG_RUN_ID=manual__2024-09-14T16:43:16.259159+00:00
[2024-09-14T16:43:21.306+0000] {python.py:177} INFO - Done. Returned value was: ['https://cdn2.thecatapi.com/images/dgt.jpg']
[2024-09-14T16:43:21.315+0000] {taskinstance.py:1772} ERROR - Task failed with exception
Traceback (most recent call last):
  File "/home/airflow/.local/lib/python3.7/site-packages/airflow/decorators/base.py", line 218, in execute
    return self._handle_output(return_value=return_value, context=context, xcom_push=self.xcom_push)
  File "/home/airflow/.local/lib/python3.7/site-packages/airflow/decorators/base.py", line 251, in _handle_output
    f"Returned output was type {type(return_value)} expected dictionary for multiple_outputs"
airflow.exceptions.AirflowException: Returned output was type <class 'list'> expected dictionary for multiple_outputs
[2024-09-14T16:43:21.318+0000] {taskinstance.py:1327} INFO - Marking task as FAILED. dag_id=my_first_dag, task_id=transform, execution_date=20240914T164316, start_date=20240914T164321, end_date=20240914T164321
[2024-09-14T16:43:21.328+0000] {standard_task_runner.py:105} ERROR - Failed to execute job 37 for task transform (Returned output was type <class 'list'> expected dictionary for multiple_outputs; 3966)
[2024-09-14T16:43:21.357+0000] {local_task_job.py:159} INFO - Task exited with return code 1
[2024-09-14T16:43:21.372+0000] {taskinstance.py:2582} INFO - 0 downstream tasks scheduled from follow-on schedule check
